{"/Users/domoncassiu/Desktop/icloud/cmu/course/18652/repo/fse-s24-sb5/app.js": {"path":"/Users/domoncassiu/Desktop/icloud/cmu/course/18652/repo/fse-s24-sb5/app.js","statementMap":{"0":{"start":{"line":21,"column":19},"end":{"line":21,"column":49}},"1":{"start":{"line":22,"column":18},"end":{"line":22,"column":37}},"2":{"start":{"line":24,"column":12},"end":{"line":24,"column":21}},"3":{"start":{"line":28,"column":0},"end":{"line":28,"column":48}},"4":{"start":{"line":29,"column":0},"end":{"line":29,"column":31}},"5":{"start":{"line":31,"column":0},"end":{"line":31,"column":23}},"6":{"start":{"line":32,"column":0},"end":{"line":32,"column":24}},"7":{"start":{"line":33,"column":0},"end":{"line":33,"column":49}},"8":{"start":{"line":34,"column":0},"end":{"line":34,"column":24}},"9":{"start":{"line":35,"column":0},"end":{"line":35,"column":56}},"10":{"start":{"line":37,"column":0},"end":{"line":37,"column":26}},"11":{"start":{"line":39,"column":0},"end":{"line":39,"column":45}},"12":{"start":{"line":40,"column":0},"end":{"line":40,"column":29}},"13":{"start":{"line":41,"column":0},"end":{"line":41,"column":39}},"14":{"start":{"line":42,"column":0},"end":{"line":42,"column":31}},"15":{"start":{"line":43,"column":0},"end":{"line":43,"column":38}},"16":{"start":{"line":44,"column":0},"end":{"line":44,"column":33}},"17":{"start":{"line":45,"column":0},"end":{"line":45,"column":47}},"18":{"start":{"line":46,"column":0},"end":{"line":46,"column":36}},"19":{"start":{"line":49,"column":0},"end":{"line":49,"column":50}},"20":{"start":{"line":52,"column":0},"end":{"line":54,"column":3}},"21":{"start":{"line":53,"column":2},"end":{"line":53,"column":25}},"22":{"start":{"line":57,"column":0},"end":{"line":65,"column":3}},"23":{"start":{"line":59,"column":2},"end":{"line":59,"column":35}},"24":{"start":{"line":60,"column":2},"end":{"line":60,"column":69}},"25":{"start":{"line":63,"column":2},"end":{"line":63,"column":32}},"26":{"start":{"line":64,"column":2},"end":{"line":64,"column":22}}},"fnMap":{"0":{"name":"(anonymous_0)","decl":{"start":{"line":52,"column":8},"end":{"line":52,"column":9}},"loc":{"start":{"line":52,"column":34},"end":{"line":54,"column":1}},"line":52},"1":{"name":"(anonymous_1)","decl":{"start":{"line":57,"column":8},"end":{"line":57,"column":9}},"loc":{"start":{"line":57,"column":39},"end":{"line":65,"column":1}},"line":57}},"branchMap":{"0":{"loc":{"start":{"line":60,"column":21},"end":{"line":60,"column":68}},"type":"cond-expr","locations":[{"start":{"line":60,"column":60},"end":{"line":60,"column":63}},{"start":{"line":60,"column":66},"end":{"line":60,"column":68}}],"line":60},"1":{"loc":{"start":{"line":63,"column":13},"end":{"line":63,"column":30}},"type":"binary-expr","locations":[{"start":{"line":63,"column":13},"end":{"line":63,"column":23}},{"start":{"line":63,"column":27},"end":{"line":63,"column":30}}],"line":63}},"s":{"0":4,"1":4,"2":4,"3":4,"4":4,"5":4,"6":4,"7":4,"8":4,"9":4,"10":4,"11":4,"12":4,"13":4,"14":4,"15":4,"16":4,"17":4,"18":4,"19":4,"20":4,"21":0,"22":4,"23":0,"24":0,"25":0,"26":0},"f":{"0":0,"1":0},"b":{"0":[0,0],"1":[0,0]},"_coverageSchema":"1a1c01bbd47fc00a2c39e90264f33305004495a9","hash":"5a9568a95b0121639510c8893e976b21b8deb182"}
,"/Users/domoncassiu/Desktop/icloud/cmu/course/18652/repo/fse-s24-sb5/secrets.js": {"path":"/Users/domoncassiu/Desktop/icloud/cmu/course/18652/repo/fse-s24-sb5/secrets.js","statementMap":{"0":{"start":{"line":1,"column":16},"end":{"line":11,"column":1}}},"fnMap":{},"branchMap":{},"s":{"0":21},"f":{},"b":{},"_coverageSchema":"1a1c01bbd47fc00a2c39e90264f33305004495a9","hash":"4a04b75bf389e5e248685be0750d18f0e41a8eaa"}
,"/Users/domoncassiu/Desktop/icloud/cmu/course/18652/repo/fse-s24-sb5/bin/ModeEnum.js": {"path":"/Users/domoncassiu/Desktop/icloud/cmu/course/18652/repo/fse-s24-sb5/bin/ModeEnum.js","statementMap":{"0":{"start":{"line":1,"column":17},"end":{"line":4,"column":1}}},"fnMap":{},"branchMap":{},"s":{"0":18},"f":{},"b":{},"_coverageSchema":"1a1c01bbd47fc00a2c39e90264f33305004495a9","hash":"774cc9979c2cb6772e01581cc597b564021b22a7"}
,"/Users/domoncassiu/Desktop/icloud/cmu/course/18652/repo/fse-s24-sb5/bin/State.js": {"path":"/Users/domoncassiu/Desktop/icloud/cmu/course/18652/repo/fse-s24-sb5/bin/State.js","statementMap":{"0":{"start":{"line":8,"column":4},"end":{"line":21,"column":5}},"1":{"start":{"line":10,"column":8},"end":{"line":10,"column":34}},"2":{"start":{"line":11,"column":8},"end":{"line":11,"column":57}},"3":{"start":{"line":12,"column":8},"end":{"line":12,"column":45}},"4":{"start":{"line":13,"column":8},"end":{"line":13,"column":14}},"5":{"start":{"line":15,"column":8},"end":{"line":15,"column":40}},"6":{"start":{"line":16,"column":8},"end":{"line":16,"column":61}},"7":{"start":{"line":17,"column":8},"end":{"line":17,"column":51}},"8":{"start":{"line":18,"column":8},"end":{"line":18,"column":14}},"9":{"start":{"line":25,"column":4},"end":{"line":25,"column":25}},"10":{"start":{"line":26,"column":4},"end":{"line":30,"column":6}},"11":{"start":{"line":31,"column":4},"end":{"line":31,"column":47}},"12":{"start":{"line":35,"column":4},"end":{"line":35,"column":36}},"13":{"start":{"line":36,"column":4},"end":{"line":36,"column":23}},"14":{"start":{"line":37,"column":4},"end":{"line":44,"column":6}},"15":{"start":{"line":47,"column":4},"end":{"line":47,"column":51}},"16":{"start":{"line":48,"column":4},"end":{"line":48,"column":35}},"17":{"start":{"line":51,"column":20},"end":{"line":51,"column":24}},"18":{"start":{"line":53,"column":4},"end":{"line":55,"column":5}},"19":{"start":{"line":54,"column":6},"end":{"line":54,"column":35}},"20":{"start":{"line":56,"column":4},"end":{"line":56,"column":26}}},"fnMap":{"0":{"name":"(anonymous_0)","decl":{"start":{"line":7,"column":2},"end":{"line":7,"column":3}},"loc":{"start":{"line":7,"column":31},"end":{"line":22,"column":3}},"line":7},"1":{"name":"(anonymous_1)","decl":{"start":{"line":24,"column":2},"end":{"line":24,"column":3}},"loc":{"start":{"line":24,"column":26},"end":{"line":32,"column":3}},"line":24},"2":{"name":"(anonymous_2)","decl":{"start":{"line":34,"column":2},"end":{"line":34,"column":3}},"loc":{"start":{"line":34,"column":16},"end":{"line":49,"column":3}},"line":34},"3":{"name":"(anonymous_3)","decl":{"start":{"line":52,"column":2},"end":{"line":52,"column":3}},"loc":{"start":{"line":52,"column":23},"end":{"line":57,"column":3}},"line":52}},"branchMap":{"0":{"loc":{"start":{"line":8,"column":4},"end":{"line":21,"column":5}},"type":"switch","locations":[{"start":{"line":9,"column":6},"end":{"line":13,"column":14}},{"start":{"line":14,"column":6},"end":{"line":18,"column":14}},{"start":{"line":19,"column":6},"end":{"line":19,"column":14}}],"line":8},"1":{"loc":{"start":{"line":53,"column":4},"end":{"line":55,"column":5}},"type":"if","locations":[{"start":{"line":53,"column":4},"end":{"line":55,"column":5}},{"start":{},"end":{}}],"line":53},"2":{"loc":{"start":{"line":53,"column":8},"end":{"line":53,"column":63}},"type":"binary-expr","locations":[{"start":{"line":53,"column":8},"end":{"line":53,"column":31}},{"start":{"line":53,"column":35},"end":{"line":53,"column":63}}],"line":53}},"s":{"0":11,"1":6,"2":6,"3":6,"4":6,"5":5,"6":5,"7":5,"8":5,"9":4,"10":4,"11":4,"12":16,"13":16,"14":16,"15":16,"16":16,"17":18,"18":133,"19":16,"20":133},"f":{"0":11,"1":4,"2":16,"3":133},"b":{"0":[6,5,0],"1":[16,117],"2":[133,117]},"_coverageSchema":"1a1c01bbd47fc00a2c39e90264f33305004495a9","hash":"512b1c1967bba050b4ef59944e4a9aa04c75751d"}
,"/Users/domoncassiu/Desktop/icloud/cmu/course/18652/repo/fse-s24-sb5/clients/AbstractDBClient.js": {"path":"/Users/domoncassiu/Desktop/icloud/cmu/course/18652/repo/fse-s24-sb5/clients/AbstractDBClient.js","statementMap":{"0":{"start":{"line":3,"column":4},"end":{"line":7,"column":5}},"1":{"start":{"line":4,"column":6},"end":{"line":6,"column":8}},"2":{"start":{"line":11,"column":4},"end":{"line":13,"column":6}},"3":{"start":{"line":17,"column":4},"end":{"line":19,"column":6}},"4":{"start":{"line":23,"column":4},"end":{"line":25,"column":6}},"5":{"start":{"line":29,"column":4},"end":{"line":31,"column":6}},"6":{"start":{"line":35,"column":4},"end":{"line":37,"column":6}},"7":{"start":{"line":41,"column":4},"end":{"line":43,"column":6}},"8":{"start":{"line":47,"column":4},"end":{"line":49,"column":6}},"9":{"start":{"line":53,"column":4},"end":{"line":55,"column":6}},"10":{"start":{"line":59,"column":4},"end":{"line":61,"column":6}}},"fnMap":{"0":{"name":"(anonymous_0)","decl":{"start":{"line":2,"column":2},"end":{"line":2,"column":3}},"loc":{"start":{"line":2,"column":16},"end":{"line":8,"column":3}},"line":2},"1":{"name":"(anonymous_1)","decl":{"start":{"line":10,"column":2},"end":{"line":10,"column":3}},"loc":{"start":{"line":10,"column":18},"end":{"line":14,"column":3}},"line":10},"2":{"name":"(anonymous_2)","decl":{"start":{"line":16,"column":2},"end":{"line":16,"column":3}},"loc":{"start":{"line":16,"column":16},"end":{"line":20,"column":3}},"line":16},"3":{"name":"(anonymous_3)","decl":{"start":{"line":22,"column":2},"end":{"line":22,"column":3}},"loc":{"start":{"line":22,"column":17},"end":{"line":26,"column":3}},"line":22},"4":{"name":"(anonymous_4)","decl":{"start":{"line":28,"column":2},"end":{"line":28,"column":3}},"loc":{"start":{"line":28,"column":17},"end":{"line":32,"column":3}},"line":28},"5":{"name":"(anonymous_5)","decl":{"start":{"line":34,"column":2},"end":{"line":34,"column":3}},"loc":{"start":{"line":34,"column":15},"end":{"line":38,"column":3}},"line":34},"6":{"name":"(anonymous_6)","decl":{"start":{"line":40,"column":2},"end":{"line":40,"column":3}},"loc":{"start":{"line":40,"column":18},"end":{"line":44,"column":3}},"line":40},"7":{"name":"(anonymous_7)","decl":{"start":{"line":46,"column":2},"end":{"line":46,"column":3}},"loc":{"start":{"line":46,"column":32},"end":{"line":50,"column":3}},"line":46},"8":{"name":"(anonymous_8)","decl":{"start":{"line":52,"column":2},"end":{"line":52,"column":3}},"loc":{"start":{"line":52,"column":17},"end":{"line":56,"column":3}},"line":52},"9":{"name":"(anonymous_9)","decl":{"start":{"line":58,"column":2},"end":{"line":58,"column":3}},"loc":{"start":{"line":58,"column":26},"end":{"line":62,"column":3}},"line":58}},"branchMap":{"0":{"loc":{"start":{"line":3,"column":4},"end":{"line":7,"column":5}},"type":"if","locations":[{"start":{"line":3,"column":4},"end":{"line":7,"column":5}},{"start":{},"end":{}}],"line":3}},"s":{"0":30,"1":0,"2":0,"3":0,"4":0,"5":0,"6":0,"7":0,"8":0,"9":0,"10":0},"f":{"0":30,"1":0,"2":0,"3":0,"4":0,"5":0,"6":0,"7":0,"8":0,"9":0},"b":{"0":[0,30]},"_coverageSchema":"1a1c01bbd47fc00a2c39e90264f33305004495a9","hash":"7ea89a1415a36768d6b56e4eee1223bebba6d16d"}
,"/Users/domoncassiu/Desktop/icloud/cmu/course/18652/repo/fse-s24-sb5/clients/MongooseDBClient.js": {"path":"/Users/domoncassiu/Desktop/icloud/cmu/course/18652/repo/fse-s24-sb5/clients/MongooseDBClient.js","statementMap":{"0":{"start":{"line":18,"column":4},"end":{"line":18,"column":84}},"1":{"start":{"line":19,"column":18},"end":{"line":19,"column":22}},"2":{"start":{"line":20,"column":20},"end":{"line":20,"column":24}},"3":{"start":{"line":21,"column":22},"end":{"line":30,"column":3}},"4":{"start":{"line":32,"column":4},"end":{"line":32,"column":12}},"5":{"start":{"line":36,"column":4},"end":{"line":57,"column":5}},"6":{"start":{"line":37,"column":22},"end":{"line":42,"column":7}},"7":{"start":{"line":43,"column":6},"end":{"line":47,"column":52}},"8":{"start":{"line":48,"column":19},"end":{"line":50,"column":37}},"9":{"start":{"line":51,"column":6},"end":{"line":51,"column":37}},"10":{"start":{"line":52,"column":6},"end":{"line":52,"column":53}},"11":{"start":{"line":53,"column":6},"end":{"line":53,"column":47}},"12":{"start":{"line":55,"column":6},"end":{"line":55,"column":33}},"13":{"start":{"line":56,"column":6},"end":{"line":56,"column":32}},"14":{"start":{"line":61,"column":4},"end":{"line":65,"column":5}},"15":{"start":{"line":62,"column":6},"end":{"line":62,"column":49}},"16":{"start":{"line":69,"column":4},"end":{"line":79,"column":5}},"17":{"start":{"line":70,"column":18},"end":{"line":73,"column":7}},"18":{"start":{"line":74,"column":21},"end":{"line":74,"column":43}},"19":{"start":{"line":75,"column":6},"end":{"line":75,"column":38}},"20":{"start":{"line":77,"column":6},"end":{"line":77,"column":25}},"21":{"start":{"line":78,"column":6},"end":{"line":78,"column":32}},"22":{"start":{"line":83,"column":4},"end":{"line":92,"column":5}},"23":{"start":{"line":84,"column":18},"end":{"line":87,"column":7}},"24":{"start":{"line":88,"column":21},"end":{"line":88,"column":43}},"25":{"start":{"line":89,"column":6},"end":{"line":89,"column":67}},"26":{"start":{"line":91,"column":6},"end":{"line":91,"column":32}},"27":{"start":{"line":96,"column":4},"end":{"line":105,"column":5}},"28":{"start":{"line":97,"column":18},"end":{"line":100,"column":7}},"29":{"start":{"line":101,"column":21},"end":{"line":101,"column":43}},"30":{"start":{"line":102,"column":6},"end":{"line":102,"column":61}},"31":{"start":{"line":104,"column":6},"end":{"line":104,"column":32}},"32":{"start":{"line":109,"column":4},"end":{"line":119,"column":5}},"33":{"start":{"line":110,"column":18},"end":{"line":113,"column":7}},"34":{"start":{"line":114,"column":21},"end":{"line":114,"column":43}},"35":{"start":{"line":115,"column":6},"end":{"line":115,"column":56}},"36":{"start":{"line":117,"column":6},"end":{"line":117,"column":25}},"37":{"start":{"line":118,"column":6},"end":{"line":118,"column":32}},"38":{"start":{"line":123,"column":4},"end":{"line":132,"column":5}},"39":{"start":{"line":124,"column":18},"end":{"line":127,"column":7}},"40":{"start":{"line":128,"column":21},"end":{"line":128,"column":43}},"41":{"start":{"line":129,"column":6},"end":{"line":129,"column":52}},"42":{"start":{"line":131,"column":6},"end":{"line":131,"column":32}},"43":{"start":{"line":136,"column":16},"end":{"line":139,"column":5}},"44":{"start":{"line":140,"column":19},"end":{"line":140,"column":41}},"45":{"start":{"line":141,"column":4},"end":{"line":141,"column":46}},"46":{"start":{"line":145,"column":4},"end":{"line":159,"column":5}},"47":{"start":{"line":146,"column":18},"end":{"line":149,"column":7}},"48":{"start":{"line":150,"column":21},"end":{"line":150,"column":43}},"49":{"start":{"line":151,"column":6},"end":{"line":155,"column":25}},"50":{"start":{"line":157,"column":6},"end":{"line":157,"column":25}},"51":{"start":{"line":158,"column":6},"end":{"line":158,"column":32}},"52":{"start":{"line":163,"column":4},"end":{"line":173,"column":5}},"53":{"start":{"line":164,"column":18},"end":{"line":167,"column":7}},"54":{"start":{"line":168,"column":6},"end":{"line":168,"column":30}},"55":{"start":{"line":169,"column":21},"end":{"line":169,"column":43}},"56":{"start":{"line":170,"column":6},"end":{"line":170,"column":60}},"57":{"start":{"line":172,"column":6},"end":{"line":172,"column":32}},"58":{"start":{"line":177,"column":4},"end":{"line":179,"column":5}},"59":{"start":{"line":178,"column":6},"end":{"line":178,"column":57}},"60":{"start":{"line":180,"column":4},"end":{"line":180,"column":37}},"61":{"start":{"line":184,"column":4},"end":{"line":186,"column":6}}},"fnMap":{"0":{"name":"(anonymous_0)","decl":{"start":{"line":31,"column":2},"end":{"line":31,"column":3}},"loc":{"start":{"line":31,"column":16},"end":{"line":33,"column":3}},"line":31},"1":{"name":"(anonymous_1)","decl":{"start":{"line":35,"column":2},"end":{"line":35,"column":3}},"loc":{"start":{"line":35,"column":18},"end":{"line":58,"column":3}},"line":35},"2":{"name":"(anonymous_2)","decl":{"start":{"line":60,"column":2},"end":{"line":60,"column":3}},"loc":{"start":{"line":60,"column":16},"end":{"line":66,"column":3}},"line":60},"3":{"name":"(anonymous_3)","decl":{"start":{"line":68,"column":2},"end":{"line":68,"column":3}},"loc":{"start":{"line":68,"column":27},"end":{"line":80,"column":3}},"line":68},"4":{"name":"(anonymous_4)","decl":{"start":{"line":82,"column":2},"end":{"line":82,"column":3}},"loc":{"start":{"line":82,"column":46},"end":{"line":93,"column":3}},"line":82},"5":{"name":"(anonymous_5)","decl":{"start":{"line":95,"column":2},"end":{"line":95,"column":3}},"loc":{"start":{"line":95,"column":50},"end":{"line":106,"column":3}},"line":95},"6":{"name":"(anonymous_6)","decl":{"start":{"line":108,"column":2},"end":{"line":108,"column":3}},"loc":{"start":{"line":108,"column":41},"end":{"line":120,"column":3}},"line":108},"7":{"name":"(anonymous_7)","decl":{"start":{"line":122,"column":2},"end":{"line":122,"column":3}},"loc":{"start":{"line":122,"column":49},"end":{"line":133,"column":3}},"line":122},"8":{"name":"(anonymous_8)","decl":{"start":{"line":135,"column":2},"end":{"line":135,"column":3}},"loc":{"start":{"line":135,"column":48},"end":{"line":142,"column":3}},"line":135},"9":{"name":"(anonymous_9)","decl":{"start":{"line":144,"column":2},"end":{"line":144,"column":3}},"loc":{"start":{"line":144,"column":79},"end":{"line":160,"column":3}},"line":144},"10":{"name":"(anonymous_10)","decl":{"start":{"line":162,"column":2},"end":{"line":162,"column":3}},"loc":{"start":{"line":162,"column":33},"end":{"line":174,"column":3}},"line":162},"11":{"name":"(anonymous_11)","decl":{"start":{"line":176,"column":2},"end":{"line":176,"column":3}},"loc":{"start":{"line":176,"column":23},"end":{"line":181,"column":3}},"line":176},"12":{"name":"(anonymous_12)","decl":{"start":{"line":183,"column":2},"end":{"line":183,"column":3}},"loc":{"start":{"line":183,"column":26},"end":{"line":187,"column":3}},"line":183}},"branchMap":{"0":{"loc":{"start":{"line":108,"column":27},"end":{"line":108,"column":39}},"type":"default-arg","locations":[{"start":{"line":108,"column":37},"end":{"line":108,"column":39}}],"line":108},"1":{"loc":{"start":{"line":122,"column":22},"end":{"line":122,"column":36}},"type":"default-arg","locations":[{"start":{"line":122,"column":34},"end":{"line":122,"column":36}}],"line":122},"2":{"loc":{"start":{"line":122,"column":38},"end":{"line":122,"column":47}},"type":"default-arg","locations":[{"start":{"line":122,"column":45},"end":{"line":122,"column":47}}],"line":122},"3":{"loc":{"start":{"line":144,"column":36},"end":{"line":144,"column":50}},"type":"default-arg","locations":[{"start":{"line":144,"column":48},"end":{"line":144,"column":50}}],"line":144},"4":{"loc":{"start":{"line":144,"column":52},"end":{"line":144,"column":61}},"type":"default-arg","locations":[{"start":{"line":144,"column":59},"end":{"line":144,"column":61}}],"line":144},"5":{"loc":{"start":{"line":177,"column":4},"end":{"line":179,"column":5}},"type":"if","locations":[{"start":{"line":177,"column":4},"end":{"line":179,"column":5}},{"start":{},"end":{}}],"line":177}},"s":{"0":18,"1":18,"2":18,"3":18,"4":16,"5":0,"6":0,"7":0,"8":0,"9":0,"10":0,"11":0,"12":0,"13":0,"14":0,"15":0,"16":0,"17":0,"18":0,"19":0,"20":0,"21":0,"22":0,"23":0,"24":0,"25":0,"26":0,"27":0,"28":0,"29":0,"30":0,"31":0,"32":0,"33":0,"34":0,"35":0,"36":0,"37":0,"38":0,"39":0,"40":0,"41":0,"42":0,"43":0,"44":0,"45":0,"46":0,"47":0,"48":0,"49":0,"50":0,"51":0,"52":0,"53":0,"54":0,"55":0,"56":0,"57":0,"58":21,"59":16,"60":21,"61":0},"f":{"0":16,"1":0,"2":0,"3":0,"4":0,"5":0,"6":0,"7":0,"8":0,"9":0,"10":0,"11":21,"12":0},"b":{"0":[0],"1":[0],"2":[0],"3":[0],"4":[0],"5":[16,5]},"_coverageSchema":"1a1c01bbd47fc00a2c39e90264f33305004495a9","hash":"39d13ab40e46a06a1e2ecedccbbbfc54a668d410"}
,"/Users/domoncassiu/Desktop/icloud/cmu/course/18652/repo/fse-s24-sb5/clients/SchemaEnum.js": {"path":"/Users/domoncassiu/Desktop/icloud/cmu/course/18652/repo/fse-s24-sb5/clients/SchemaEnum.js","statementMap":{"0":{"start":{"line":1,"column":19},"end":{"line":10,"column":1}}},"fnMap":{},"branchMap":{},"s":{"0":21},"f":{},"b":{},"_coverageSchema":"1a1c01bbd47fc00a2c39e90264f33305004495a9","hash":"d8ac8f3a586571c1087091417d38b60796c13bdd"}
,"/Users/domoncassiu/Desktop/icloud/cmu/course/18652/repo/fse-s24-sb5/clients/SchemaMap.js": {"path":"/Users/domoncassiu/Desktop/icloud/cmu/course/18652/repo/fse-s24-sb5/clients/SchemaMap.js","statementMap":{"0":{"start":{"line":14,"column":18},"end":{"line":38,"column":1}},"1":{"start":{"line":41,"column":17},"end":{"line":41,"column":32}},"2":{"start":{"line":42,"column":2},"end":{"line":44,"column":3}},"3":{"start":{"line":43,"column":4},"end":{"line":43,"column":44}},"4":{"start":{"line":45,"column":2},"end":{"line":45,"column":16}}},"fnMap":{"0":{"name":"getSchemaForType","decl":{"start":{"line":40,"column":9},"end":{"line":40,"column":25}},"loc":{"start":{"line":40,"column":32},"end":{"line":46,"column":1}},"line":40}},"branchMap":{"0":{"loc":{"start":{"line":42,"column":2},"end":{"line":44,"column":3}},"type":"if","locations":[{"start":{"line":42,"column":2},"end":{"line":44,"column":3}},{"start":{},"end":{}}],"line":42}},"s":{"0":21,"1":46,"2":46,"3":0,"4":46},"f":{"0":46},"b":{"0":[0,46]},"_coverageSchema":"1a1c01bbd47fc00a2c39e90264f33305004495a9","hash":"3656560489acc5603b059df8ef2c086673457fd6"}
,"/Users/domoncassiu/Desktop/icloud/cmu/course/18652/repo/fse-s24-sb5/clients/TestDBClient.js": {"path":"/Users/domoncassiu/Desktop/icloud/cmu/course/18652/repo/fse-s24-sb5/clients/TestDBClient.js","statementMap":{"0":{"start":{"line":17,"column":4},"end":{"line":17,"column":84}},"1":{"start":{"line":18,"column":18},"end":{"line":18,"column":22}},"2":{"start":{"line":19,"column":20},"end":{"line":19,"column":24}},"3":{"start":{"line":20,"column":22},"end":{"line":29,"column":3}},"4":{"start":{"line":31,"column":4},"end":{"line":31,"column":12}},"5":{"start":{"line":35,"column":4},"end":{"line":50,"column":5}},"6":{"start":{"line":36,"column":6},"end":{"line":40,"column":49}},"7":{"start":{"line":41,"column":19},"end":{"line":43,"column":34}},"8":{"start":{"line":44,"column":6},"end":{"line":44,"column":33}},"9":{"start":{"line":45,"column":6},"end":{"line":45,"column":49}},"10":{"start":{"line":46,"column":6},"end":{"line":46,"column":46}},"11":{"start":{"line":48,"column":6},"end":{"line":48,"column":33}},"12":{"start":{"line":49,"column":6},"end":{"line":49,"column":32}},"13":{"start":{"line":54,"column":4},"end":{"line":59,"column":5}},"14":{"start":{"line":55,"column":6},"end":{"line":55,"column":34}},"15":{"start":{"line":56,"column":6},"end":{"line":56,"column":49}},"16":{"start":{"line":63,"column":4},"end":{"line":72,"column":5}},"17":{"start":{"line":64,"column":18},"end":{"line":67,"column":7}},"18":{"start":{"line":68,"column":21},"end":{"line":68,"column":43}},"19":{"start":{"line":69,"column":6},"end":{"line":69,"column":38}},"20":{"start":{"line":71,"column":6},"end":{"line":71,"column":32}},"21":{"start":{"line":76,"column":4},"end":{"line":85,"column":5}},"22":{"start":{"line":77,"column":18},"end":{"line":80,"column":7}},"23":{"start":{"line":81,"column":21},"end":{"line":81,"column":43}},"24":{"start":{"line":82,"column":6},"end":{"line":82,"column":67}},"25":{"start":{"line":84,"column":6},"end":{"line":84,"column":32}},"26":{"start":{"line":89,"column":4},"end":{"line":98,"column":5}},"27":{"start":{"line":90,"column":18},"end":{"line":93,"column":7}},"28":{"start":{"line":94,"column":21},"end":{"line":94,"column":43}},"29":{"start":{"line":95,"column":6},"end":{"line":95,"column":56}},"30":{"start":{"line":97,"column":6},"end":{"line":97,"column":32}},"31":{"start":{"line":102,"column":4},"end":{"line":111,"column":5}},"32":{"start":{"line":103,"column":18},"end":{"line":106,"column":7}},"33":{"start":{"line":107,"column":21},"end":{"line":107,"column":43}},"34":{"start":{"line":108,"column":6},"end":{"line":108,"column":52}},"35":{"start":{"line":110,"column":6},"end":{"line":110,"column":32}},"36":{"start":{"line":115,"column":16},"end":{"line":115,"column":78}},"37":{"start":{"line":116,"column":19},"end":{"line":116,"column":41}},"38":{"start":{"line":117,"column":4},"end":{"line":117,"column":46}},"39":{"start":{"line":121,"column":4},"end":{"line":134,"column":5}},"40":{"start":{"line":122,"column":18},"end":{"line":125,"column":7}},"41":{"start":{"line":126,"column":21},"end":{"line":126,"column":43}},"42":{"start":{"line":127,"column":6},"end":{"line":131,"column":25}},"43":{"start":{"line":133,"column":6},"end":{"line":133,"column":32}},"44":{"start":{"line":138,"column":4},"end":{"line":147,"column":5}},"45":{"start":{"line":139,"column":18},"end":{"line":142,"column":7}},"46":{"start":{"line":143,"column":21},"end":{"line":143,"column":43}},"47":{"start":{"line":144,"column":6},"end":{"line":144,"column":51}},"48":{"start":{"line":146,"column":6},"end":{"line":146,"column":32}},"49":{"start":{"line":151,"column":4},"end":{"line":160,"column":5}},"50":{"start":{"line":152,"column":18},"end":{"line":155,"column":7}},"51":{"start":{"line":156,"column":21},"end":{"line":156,"column":43}},"52":{"start":{"line":157,"column":6},"end":{"line":157,"column":40}},"53":{"start":{"line":159,"column":6},"end":{"line":159,"column":32}},"54":{"start":{"line":164,"column":4},"end":{"line":166,"column":5}},"55":{"start":{"line":165,"column":6},"end":{"line":165,"column":49}},"56":{"start":{"line":167,"column":4},"end":{"line":167,"column":33}}},"fnMap":{"0":{"name":"(anonymous_0)","decl":{"start":{"line":30,"column":2},"end":{"line":30,"column":3}},"loc":{"start":{"line":30,"column":16},"end":{"line":32,"column":3}},"line":30},"1":{"name":"(anonymous_1)","decl":{"start":{"line":34,"column":2},"end":{"line":34,"column":3}},"loc":{"start":{"line":34,"column":18},"end":{"line":51,"column":3}},"line":34},"2":{"name":"(anonymous_2)","decl":{"start":{"line":53,"column":2},"end":{"line":53,"column":3}},"loc":{"start":{"line":53,"column":16},"end":{"line":60,"column":3}},"line":53},"3":{"name":"(anonymous_3)","decl":{"start":{"line":62,"column":2},"end":{"line":62,"column":3}},"loc":{"start":{"line":62,"column":27},"end":{"line":73,"column":3}},"line":62},"4":{"name":"(anonymous_4)","decl":{"start":{"line":75,"column":2},"end":{"line":75,"column":3}},"loc":{"start":{"line":75,"column":46},"end":{"line":86,"column":3}},"line":75},"5":{"name":"(anonymous_5)","decl":{"start":{"line":88,"column":2},"end":{"line":88,"column":3}},"loc":{"start":{"line":88,"column":41},"end":{"line":99,"column":3}},"line":88},"6":{"name":"(anonymous_6)","decl":{"start":{"line":101,"column":2},"end":{"line":101,"column":3}},"loc":{"start":{"line":101,"column":49},"end":{"line":112,"column":3}},"line":101},"7":{"name":"(anonymous_7)","decl":{"start":{"line":114,"column":2},"end":{"line":114,"column":3}},"loc":{"start":{"line":114,"column":48},"end":{"line":118,"column":3}},"line":114},"8":{"name":"(anonymous_8)","decl":{"start":{"line":120,"column":2},"end":{"line":120,"column":3}},"loc":{"start":{"line":120,"column":79},"end":{"line":135,"column":3}},"line":120},"9":{"name":"(anonymous_9)","decl":{"start":{"line":137,"column":2},"end":{"line":137,"column":3}},"loc":{"start":{"line":137,"column":17},"end":{"line":148,"column":3}},"line":137},"10":{"name":"(anonymous_10)","decl":{"start":{"line":150,"column":2},"end":{"line":150,"column":3}},"loc":{"start":{"line":150,"column":24},"end":{"line":161,"column":3}},"line":150},"11":{"name":"(anonymous_11)","decl":{"start":{"line":163,"column":2},"end":{"line":163,"column":3}},"loc":{"start":{"line":163,"column":23},"end":{"line":168,"column":3}},"line":163}},"branchMap":{"0":{"loc":{"start":{"line":88,"column":27},"end":{"line":88,"column":39}},"type":"default-arg","locations":[{"start":{"line":88,"column":37},"end":{"line":88,"column":39}}],"line":88},"1":{"loc":{"start":{"line":101,"column":22},"end":{"line":101,"column":36}},"type":"default-arg","locations":[{"start":{"line":101,"column":34},"end":{"line":101,"column":36}}],"line":101},"2":{"loc":{"start":{"line":101,"column":38},"end":{"line":101,"column":47}},"type":"default-arg","locations":[{"start":{"line":101,"column":45},"end":{"line":101,"column":47}}],"line":101},"3":{"loc":{"start":{"line":120,"column":36},"end":{"line":120,"column":50}},"type":"default-arg","locations":[{"start":{"line":120,"column":48},"end":{"line":120,"column":50}}],"line":120},"4":{"loc":{"start":{"line":120,"column":52},"end":{"line":120,"column":61}},"type":"default-arg","locations":[{"start":{"line":120,"column":59},"end":{"line":120,"column":61}}],"line":120},"5":{"loc":{"start":{"line":164,"column":4},"end":{"line":166,"column":5}},"type":"if","locations":[{"start":{"line":164,"column":4},"end":{"line":166,"column":5}},{"start":{},"end":{}}],"line":164}},"s":{"0":21,"1":21,"2":21,"3":21,"4":14,"5":5,"6":5,"7":5,"8":5,"9":5,"10":5,"11":0,"12":0,"13":5,"14":5,"15":5,"16":10,"17":10,"18":10,"19":10,"20":1,"21":4,"22":4,"23":4,"24":4,"25":0,"26":1,"27":1,"28":1,"29":1,"30":0,"31":8,"32":8,"33":8,"34":8,"35":0,"36":2,"37":2,"38":2,"39":17,"40":17,"41":17,"42":17,"43":0,"44":1,"45":1,"46":0,"47":0,"48":1,"49":4,"50":4,"51":4,"52":4,"53":0,"54":46,"55":14,"56":46},"f":{"0":14,"1":5,"2":5,"3":10,"4":4,"5":1,"6":8,"7":2,"8":17,"9":1,"10":4,"11":46},"b":{"0":[0],"1":[0],"2":[8],"3":[0],"4":[0],"5":[14,32]},"_coverageSchema":"1a1c01bbd47fc00a2c39e90264f33305004495a9","hash":"94a6a0a7f727fd462517fda9c547c7968e411bd0"}
,"/Users/domoncassiu/Desktop/icloud/cmu/course/18652/repo/fse-s24-sb5/controllers/AnnouncementController.js": {"path":"/Users/domoncassiu/Desktop/icloud/cmu/course/18652/repo/fse-s24-sb5/controllers/AnnouncementController.js","statementMap":{"0":{"start":{"line":8,"column":4},"end":{"line":8,"column":29}},"1":{"start":{"line":12,"column":4},"end":{"line":26,"column":7}},"2":{"start":{"line":13,"column":6},"end":{"line":25,"column":7}},"3":{"start":{"line":14,"column":28},"end":{"line":19,"column":9}},"4":{"start":{"line":21,"column":8},"end":{"line":21,"column":31}},"5":{"start":{"line":23,"column":8},"end":{"line":23,"column":27}},"6":{"start":{"line":24,"column":8},"end":{"line":24,"column":42}},"7":{"start":{"line":30,"column":4},"end":{"line":48,"column":7}},"8":{"start":{"line":31,"column":6},"end":{"line":47,"column":7}},"9":{"start":{"line":32,"column":27},"end":{"line":38,"column":9}},"10":{"start":{"line":39,"column":8},"end":{"line":41,"column":10}},"11":{"start":{"line":42,"column":8},"end":{"line":42,"column":51}},"12":{"start":{"line":43,"column":8},"end":{"line":43,"column":30}},"13":{"start":{"line":45,"column":8},"end":{"line":45,"column":27}},"14":{"start":{"line":46,"column":8},"end":{"line":46,"column":42}}},"fnMap":{"0":{"name":"(anonymous_0)","decl":{"start":{"line":7,"column":2},"end":{"line":7,"column":3}},"loc":{"start":{"line":7,"column":24},"end":{"line":9,"column":3}},"line":7},"1":{"name":"(anonymous_1)","decl":{"start":{"line":11,"column":2},"end":{"line":11,"column":3}},"loc":{"start":{"line":11,"column":57},"end":{"line":27,"column":3}},"line":11},"2":{"name":"(anonymous_2)","decl":{"start":{"line":12,"column":23},"end":{"line":12,"column":24}},"loc":{"start":{"line":12,"column":50},"end":{"line":26,"column":5}},"line":12},"3":{"name":"(anonymous_3)","decl":{"start":{"line":29,"column":2},"end":{"line":29,"column":3}},"loc":{"start":{"line":29,"column":44},"end":{"line":49,"column":3}},"line":29},"4":{"name":"(anonymous_4)","decl":{"start":{"line":30,"column":23},"end":{"line":30,"column":24}},"loc":{"start":{"line":30,"column":50},"end":{"line":48,"column":5}},"line":30}},"branchMap":{},"s":{"0":3,"1":2,"2":2,"3":2,"4":2,"5":0,"6":0,"7":2,"8":2,"9":2,"10":2,"11":2,"12":2,"13":0,"14":0},"f":{"0":3,"1":2,"2":2,"3":2,"4":2},"b":{},"_coverageSchema":"1a1c01bbd47fc00a2c39e90264f33305004495a9","hash":"3ba8b87ec0499791491e11633c7b61dbe79fc666"}
,"/Users/domoncassiu/Desktop/icloud/cmu/course/18652/repo/fse-s24-sb5/controllers/EsnTestController.js": {"path":"/Users/domoncassiu/Desktop/icloud/cmu/course/18652/repo/fse-s24-sb5/controllers/EsnTestController.js","statementMap":{"0":{"start":{"line":6,"column":4},"end":{"line":6,"column":58}},"1":{"start":{"line":9,"column":4},"end":{"line":9,"column":68}},"2":{"start":{"line":13,"column":4},"end":{"line":19,"column":5}},"3":{"start":{"line":14,"column":6},"end":{"line":16,"column":7}},"4":{"start":{"line":15,"column":8},"end":{"line":15,"column":70}},"5":{"start":{"line":18,"column":6},"end":{"line":18,"column":68}},"6":{"start":{"line":21,"column":4},"end":{"line":21,"column":64}},"7":{"start":{"line":24,"column":4},"end":{"line":24,"column":75}}},"fnMap":{"0":{"name":"(anonymous_0)","decl":{"start":{"line":5,"column":2},"end":{"line":5,"column":3}},"loc":{"start":{"line":5,"column":23},"end":{"line":10,"column":3}},"line":5},"1":{"name":"(anonymous_1)","decl":{"start":{"line":12,"column":2},"end":{"line":12,"column":3}},"loc":{"start":{"line":12,"column":25},"end":{"line":25,"column":3}},"line":12}},"branchMap":{"0":{"loc":{"start":{"line":14,"column":6},"end":{"line":16,"column":7}},"type":"if","locations":[{"start":{"line":14,"column":6},"end":{"line":16,"column":7}},{"start":{},"end":{}}],"line":14}},"s":{"0":5,"1":5,"2":5,"3":5,"4":5,"5":0,"6":5,"7":5},"f":{"0":5,"1":5},"b":{"0":[5,0]},"_coverageSchema":"1a1c01bbd47fc00a2c39e90264f33305004495a9","hash":"e0036cdb1f74b9775b74008f789009db4367101e"}
,"/Users/domoncassiu/Desktop/icloud/cmu/course/18652/repo/fse-s24-sb5/controllers/LoginController.js": {"path":"/Users/domoncassiu/Desktop/icloud/cmu/course/18652/repo/fse-s24-sb5/controllers/LoginController.js","statementMap":{"0":{"start":{"line":12,"column":4},"end":{"line":12,"column":29}},"1":{"start":{"line":16,"column":4},"end":{"line":32,"column":7}},"2":{"start":{"line":17,"column":6},"end":{"line":31,"column":7}},"3":{"start":{"line":18,"column":21},"end":{"line":18,"column":65}},"4":{"start":{"line":19,"column":8},"end":{"line":28,"column":10}},"5":{"start":{"line":30,"column":8},"end":{"line":30,"column":40}},"6":{"start":{"line":36,"column":4},"end":{"line":38,"column":5}},"7":{"start":{"line":37,"column":6},"end":{"line":37,"column":36}},"8":{"start":{"line":39,"column":4},"end":{"line":61,"column":7}},"9":{"start":{"line":40,"column":30},"end":{"line":40,"column":34}},"10":{"start":{"line":42,"column":6},"end":{"line":60,"column":7}},"11":{"start":{"line":43,"column":8},"end":{"line":43,"column":69}},"12":{"start":{"line":44,"column":8},"end":{"line":57,"column":10}},"13":{"start":{"line":48,"column":12},"end":{"line":55,"column":13}},"14":{"start":{"line":49,"column":14},"end":{"line":49,"column":48}},"15":{"start":{"line":50,"column":19},"end":{"line":55,"column":13}},"16":{"start":{"line":51,"column":14},"end":{"line":51,"column":44}},"17":{"start":{"line":52,"column":14},"end":{"line":52,"column":46}},"18":{"start":{"line":54,"column":14},"end":{"line":54,"column":41}},"19":{"start":{"line":59,"column":8},"end":{"line":59,"column":18}},"20":{"start":{"line":65,"column":4},"end":{"line":67,"column":5}},"21":{"start":{"line":66,"column":6},"end":{"line":66,"column":36}},"22":{"start":{"line":68,"column":4},"end":{"line":94,"column":5}},"23":{"start":{"line":69,"column":6},"end":{"line":69,"column":47}},"24":{"start":{"line":72,"column":6},"end":{"line":93,"column":9}},"25":{"start":{"line":73,"column":19},"end":{"line":73,"column":23}},"26":{"start":{"line":75,"column":8},"end":{"line":92,"column":10}},"27":{"start":{"line":79,"column":12},"end":{"line":90,"column":13}},"28":{"start":{"line":80,"column":14},"end":{"line":80,"column":33}},"29":{"start":{"line":81,"column":14},"end":{"line":81,"column":48}},"30":{"start":{"line":83,"column":28},"end":{"line":87,"column":15}},"31":{"start":{"line":88,"column":14},"end":{"line":88,"column":45}},"32":{"start":{"line":89,"column":14},"end":{"line":89,"column":31}},"33":{"start":{"line":97,"column":4},"end":{"line":97,"column":39}},"34":{"start":{"line":101,"column":4},"end":{"line":113,"column":5}},"35":{"start":{"line":102,"column":26},"end":{"line":106,"column":7}},"36":{"start":{"line":107,"column":30},"end":{"line":107,"column":64}},"37":{"start":{"line":109,"column":8},"end":{"line":109,"column":76}},"38":{"start":{"line":110,"column":6},"end":{"line":110,"column":23}},"39":{"start":{"line":112,"column":6},"end":{"line":112,"column":18}},"40":{"start":{"line":117,"column":4},"end":{"line":128,"column":5}},"41":{"start":{"line":118,"column":26},"end":{"line":122,"column":7}},"42":{"start":{"line":123,"column":30},"end":{"line":123,"column":64}},"43":{"start":{"line":124,"column":29},"end":{"line":124,"column":65}},"44":{"start":{"line":125,"column":6},"end":{"line":125,"column":30}},"45":{"start":{"line":127,"column":6},"end":{"line":127,"column":18}}},"fnMap":{"0":{"name":"(anonymous_0)","decl":{"start":{"line":11,"column":2},"end":{"line":11,"column":3}},"loc":{"start":{"line":11,"column":24},"end":{"line":13,"column":3}},"line":11},"1":{"name":"(anonymous_1)","decl":{"start":{"line":15,"column":2},"end":{"line":15,"column":3}},"loc":{"start":{"line":15,"column":38},"end":{"line":33,"column":3}},"line":15},"2":{"name":"(anonymous_2)","decl":{"start":{"line":16,"column":23},"end":{"line":16,"column":24}},"loc":{"start":{"line":16,"column":50},"end":{"line":32,"column":5}},"line":16},"3":{"name":"(anonymous_3)","decl":{"start":{"line":35,"column":2},"end":{"line":35,"column":3}},"loc":{"start":{"line":35,"column":46},"end":{"line":62,"column":3}},"line":35},"4":{"name":"(anonymous_4)","decl":{"start":{"line":39,"column":23},"end":{"line":39,"column":24}},"loc":{"start":{"line":39,"column":50},"end":{"line":61,"column":5}},"line":39},"5":{"name":"(anonymous_5)","decl":{"start":{"line":47,"column":10},"end":{"line":47,"column":11}},"loc":{"start":{"line":47,"column":39},"end":{"line":56,"column":11}},"line":47},"6":{"name":"(anonymous_6)","decl":{"start":{"line":64,"column":2},"end":{"line":64,"column":3}},"loc":{"start":{"line":64,"column":37},"end":{"line":98,"column":3}},"line":64},"7":{"name":"(anonymous_7)","decl":{"start":{"line":72,"column":25},"end":{"line":72,"column":26}},"loc":{"start":{"line":72,"column":46},"end":{"line":93,"column":7}},"line":72},"8":{"name":"(anonymous_8)","decl":{"start":{"line":78,"column":10},"end":{"line":78,"column":11}},"loc":{"start":{"line":78,"column":37},"end":{"line":91,"column":11}},"line":78},"9":{"name":"(anonymous_9)","decl":{"start":{"line":100,"column":2},"end":{"line":100,"column":3}},"loc":{"start":{"line":100,"column":63},"end":{"line":114,"column":3}},"line":100},"10":{"name":"(anonymous_10)","decl":{"start":{"line":116,"column":2},"end":{"line":116,"column":3}},"loc":{"start":{"line":116,"column":43},"end":{"line":129,"column":3}},"line":116}},"branchMap":{"0":{"loc":{"start":{"line":36,"column":4},"end":{"line":38,"column":5}},"type":"if","locations":[{"start":{"line":36,"column":4},"end":{"line":38,"column":5}},{"start":{},"end":{}}],"line":36},"1":{"loc":{"start":{"line":48,"column":12},"end":{"line":55,"column":13}},"type":"if","locations":[{"start":{"line":48,"column":12},"end":{"line":55,"column":13}},{"start":{"line":50,"column":19},"end":{"line":55,"column":13}}],"line":48},"2":{"loc":{"start":{"line":50,"column":19},"end":{"line":55,"column":13}},"type":"if","locations":[{"start":{"line":50,"column":19},"end":{"line":55,"column":13}},{"start":{"line":53,"column":19},"end":{"line":55,"column":13}}],"line":50},"3":{"loc":{"start":{"line":65,"column":4},"end":{"line":67,"column":5}},"type":"if","locations":[{"start":{"line":65,"column":4},"end":{"line":67,"column":5}},{"start":{},"end":{}}],"line":65},"4":{"loc":{"start":{"line":79,"column":12},"end":{"line":90,"column":13}},"type":"if","locations":[{"start":{"line":79,"column":12},"end":{"line":90,"column":13}},{"start":{"line":82,"column":19},"end":{"line":90,"column":13}}],"line":79}},"s":{"0":1,"1":4,"2":4,"3":4,"4":3,"5":1,"6":1,"7":0,"8":1,"9":1,"10":1,"11":1,"12":1,"13":1,"14":0,"15":1,"16":0,"17":0,"18":1,"19":0,"20":1,"21":0,"22":1,"23":1,"24":1,"25":1,"26":1,"27":1,"28":0,"29":0,"30":1,"31":1,"32":1,"33":0,"34":1,"35":1,"36":1,"37":1,"38":1,"39":0,"40":1,"41":1,"42":1,"43":1,"44":1,"45":0},"f":{"0":1,"1":4,"2":4,"3":1,"4":1,"5":1,"6":1,"7":1,"8":1,"9":1,"10":1},"b":{"0":[0,1],"1":[0,1],"2":[0,1],"3":[0,1],"4":[0,1]},"_coverageSchema":"1a1c01bbd47fc00a2c39e90264f33305004495a9","hash":"20650f48e57cbf2756e8dc1eae40b519c4b8c48a"}
,"/Users/domoncassiu/Desktop/icloud/cmu/course/18652/repo/fse-s24-sb5/controllers/PrivateChatController.js": {"path":"/Users/domoncassiu/Desktop/icloud/cmu/course/18652/repo/fse-s24-sb5/controllers/PrivateChatController.js","statementMap":{"0":{"start":{"line":14,"column":4},"end":{"line":14,"column":29}},"1":{"start":{"line":18,"column":4},"end":{"line":51,"column":7}},"2":{"start":{"line":19,"column":6},"end":{"line":50,"column":7}},"3":{"start":{"line":21,"column":31},"end":{"line":30,"column":9}},"4":{"start":{"line":32,"column":10},"end":{"line":36,"column":11}},"5":{"start":{"line":37,"column":8},"end":{"line":37,"column":43}},"6":{"start":{"line":38,"column":35},"end":{"line":40,"column":22}},"7":{"start":{"line":39,"column":20},"end":{"line":39,"column":46}},"8":{"start":{"line":41,"column":8},"end":{"line":41,"column":36}},"9":{"start":{"line":42,"column":8},"end":{"line":44,"column":10}},"10":{"start":{"line":45,"column":8},"end":{"line":45,"column":49}},"11":{"start":{"line":46,"column":8},"end":{"line":46,"column":32}},"12":{"start":{"line":48,"column":8},"end":{"line":48,"column":27}},"13":{"start":{"line":49,"column":8},"end":{"line":49,"column":42}},"14":{"start":{"line":61,"column":4},"end":{"line":82,"column":7}},"15":{"start":{"line":62,"column":6},"end":{"line":81,"column":7}},"16":{"start":{"line":63,"column":26},"end":{"line":68,"column":9}},"17":{"start":{"line":69,"column":23},"end":{"line":75,"column":9}},"18":{"start":{"line":77,"column":8},"end":{"line":77,"column":26}},"19":{"start":{"line":79,"column":8},"end":{"line":79,"column":27}},"20":{"start":{"line":80,"column":8},"end":{"line":80,"column":42}},"21":{"start":{"line":91,"column":4},"end":{"line":164,"column":7}},"22":{"start":{"line":92,"column":6},"end":{"line":163,"column":7}},"23":{"start":{"line":93,"column":26},"end":{"line":95,"column":9}},"24":{"start":{"line":96,"column":23},"end":{"line":102,"column":9}},"25":{"start":{"line":104,"column":33},"end":{"line":106,"column":9}},"26":{"start":{"line":105,"column":23},"end":{"line":105,"column":77}},"27":{"start":{"line":107,"column":31},"end":{"line":109,"column":9}},"28":{"start":{"line":108,"column":23},"end":{"line":108,"column":75}},"29":{"start":{"line":111,"column":33},"end":{"line":113,"column":9}},"30":{"start":{"line":112,"column":54},"end":{"line":112,"column":70}},"31":{"start":{"line":114,"column":31},"end":{"line":116,"column":9}},"32":{"start":{"line":115,"column":52},"end":{"line":115,"column":68}},"33":{"start":{"line":118,"column":31},"end":{"line":120,"column":9}},"34":{"start":{"line":119,"column":54},"end":{"line":119,"column":68}},"35":{"start":{"line":121,"column":29},"end":{"line":123,"column":9}},"36":{"start":{"line":122,"column":52},"end":{"line":122,"column":66}},"37":{"start":{"line":125,"column":33},"end":{"line":127,"column":9}},"38":{"start":{"line":128,"column":31},"end":{"line":130,"column":9}},"39":{"start":{"line":131,"column":8},"end":{"line":137,"column":11}},"40":{"start":{"line":132,"column":10},"end":{"line":136,"column":11}},"41":{"start":{"line":133,"column":12},"end":{"line":135,"column":14}},"42":{"start":{"line":134,"column":24},"end":{"line":134,"column":39}},"43":{"start":{"line":138,"column":8},"end":{"line":140,"column":10}},"44":{"start":{"line":139,"column":21},"end":{"line":139,"column":38}},"45":{"start":{"line":141,"column":8},"end":{"line":143,"column":10}},"46":{"start":{"line":142,"column":21},"end":{"line":142,"column":38}},"47":{"start":{"line":144,"column":27},"end":{"line":149,"column":9}},"48":{"start":{"line":150,"column":39},"end":{"line":152,"column":9}},"49":{"start":{"line":151,"column":10},"end":{"line":151,"column":50}},"50":{"start":{"line":153,"column":41},"end":{"line":155,"column":9}},"51":{"start":{"line":154,"column":10},"end":{"line":154,"column":52}},"52":{"start":{"line":156,"column":8},"end":{"line":159,"column":11}},"53":{"start":{"line":161,"column":8},"end":{"line":161,"column":27}},"54":{"start":{"line":162,"column":8},"end":{"line":162,"column":42}},"55":{"start":{"line":173,"column":4},"end":{"line":207,"column":7}},"56":{"start":{"line":174,"column":6},"end":{"line":206,"column":7}},"57":{"start":{"line":175,"column":33},"end":{"line":178,"column":9}},"58":{"start":{"line":179,"column":31},"end":{"line":179,"column":70}},"59":{"start":{"line":180,"column":26},"end":{"line":182,"column":9}},"60":{"start":{"line":183,"column":23},"end":{"line":189,"column":9}},"61":{"start":{"line":190,"column":27},"end":{"line":192,"column":9}},"62":{"start":{"line":191,"column":44},"end":{"line":191,"column":58}},"63":{"start":{"line":193,"column":27},"end":{"line":198,"column":9}},"64":{"start":{"line":199,"column":35},"end":{"line":201,"column":9}},"65":{"start":{"line":200,"column":10},"end":{"line":200,"column":46}},"66":{"start":{"line":202,"column":8},"end":{"line":202,"column":36}},"67":{"start":{"line":204,"column":8},"end":{"line":204,"column":29}},"68":{"start":{"line":205,"column":8},"end":{"line":205,"column":42}},"69":{"start":{"line":211,"column":4},"end":{"line":235,"column":5}},"70":{"start":{"line":212,"column":25},"end":{"line":212,"column":54}},"71":{"start":{"line":213,"column":31},"end":{"line":222,"column":7}},"72":{"start":{"line":223,"column":25},"end":{"line":227,"column":7}},"73":{"start":{"line":228,"column":6},"end":{"line":231,"column":8}},"74":{"start":{"line":232,"column":6},"end":{"line":232,"column":26}},"75":{"start":{"line":234,"column":6},"end":{"line":234,"column":18}}},"fnMap":{"0":{"name":"(anonymous_0)","decl":{"start":{"line":13,"column":2},"end":{"line":13,"column":3}},"loc":{"start":{"line":13,"column":24},"end":{"line":15,"column":3}},"line":13},"1":{"name":"(anonymous_1)","decl":{"start":{"line":17,"column":2},"end":{"line":17,"column":3}},"loc":{"start":{"line":17,"column":53},"end":{"line":52,"column":3}},"line":17},"2":{"name":"(anonymous_2)","decl":{"start":{"line":18,"column":23},"end":{"line":18,"column":24}},"loc":{"start":{"line":18,"column":50},"end":{"line":51,"column":5}},"line":18},"3":{"name":"(anonymous_3)","decl":{"start":{"line":39,"column":10},"end":{"line":39,"column":11}},"loc":{"start":{"line":39,"column":20},"end":{"line":39,"column":46}},"line":39},"4":{"name":"(anonymous_4)","decl":{"start":{"line":54,"column":2},"end":{"line":54,"column":3}},"loc":{"start":{"line":60,"column":4},"end":{"line":83,"column":3}},"line":60},"5":{"name":"(anonymous_5)","decl":{"start":{"line":61,"column":23},"end":{"line":61,"column":24}},"loc":{"start":{"line":61,"column":50},"end":{"line":82,"column":5}},"line":61},"6":{"name":"(anonymous_6)","decl":{"start":{"line":85,"column":2},"end":{"line":85,"column":3}},"loc":{"start":{"line":90,"column":4},"end":{"line":165,"column":3}},"line":90},"7":{"name":"(anonymous_7)","decl":{"start":{"line":91,"column":23},"end":{"line":91,"column":24}},"loc":{"start":{"line":91,"column":50},"end":{"line":164,"column":5}},"line":91},"8":{"name":"(anonymous_8)","decl":{"start":{"line":105,"column":10},"end":{"line":105,"column":11}},"loc":{"start":{"line":105,"column":23},"end":{"line":105,"column":77}},"line":105},"9":{"name":"(anonymous_9)","decl":{"start":{"line":108,"column":10},"end":{"line":108,"column":11}},"loc":{"start":{"line":108,"column":23},"end":{"line":108,"column":75}},"line":108},"10":{"name":"(anonymous_10)","decl":{"start":{"line":112,"column":41},"end":{"line":112,"column":42}},"loc":{"start":{"line":112,"column":54},"end":{"line":112,"column":70}},"line":112},"11":{"name":"(anonymous_11)","decl":{"start":{"line":115,"column":39},"end":{"line":115,"column":40}},"loc":{"start":{"line":115,"column":52},"end":{"line":115,"column":68}},"line":115},"12":{"name":"(anonymous_12)","decl":{"start":{"line":119,"column":41},"end":{"line":119,"column":42}},"loc":{"start":{"line":119,"column":54},"end":{"line":119,"column":68}},"line":119},"13":{"name":"(anonymous_13)","decl":{"start":{"line":122,"column":39},"end":{"line":122,"column":40}},"loc":{"start":{"line":122,"column":52},"end":{"line":122,"column":66}},"line":122},"14":{"name":"(anonymous_14)","decl":{"start":{"line":131,"column":35},"end":{"line":131,"column":36}},"loc":{"start":{"line":131,"column":48},"end":{"line":137,"column":9}},"line":131},"15":{"name":"(anonymous_15)","decl":{"start":{"line":134,"column":14},"end":{"line":134,"column":15}},"loc":{"start":{"line":134,"column":24},"end":{"line":134,"column":39}},"line":134},"16":{"name":"(anonymous_16)","decl":{"start":{"line":139,"column":10},"end":{"line":139,"column":11}},"loc":{"start":{"line":139,"column":21},"end":{"line":139,"column":38}},"line":139},"17":{"name":"(anonymous_17)","decl":{"start":{"line":142,"column":10},"end":{"line":142,"column":11}},"loc":{"start":{"line":142,"column":21},"end":{"line":142,"column":38}},"line":142},"18":{"name":"(anonymous_18)","decl":{"start":{"line":150,"column":59},"end":{"line":150,"column":60}},"loc":{"start":{"line":151,"column":10},"end":{"line":151,"column":50}},"line":151},"19":{"name":"(anonymous_19)","decl":{"start":{"line":153,"column":61},"end":{"line":153,"column":62}},"loc":{"start":{"line":154,"column":10},"end":{"line":154,"column":52}},"line":154},"20":{"name":"(anonymous_20)","decl":{"start":{"line":167,"column":2},"end":{"line":167,"column":3}},"loc":{"start":{"line":172,"column":4},"end":{"line":208,"column":3}},"line":172},"21":{"name":"(anonymous_21)","decl":{"start":{"line":173,"column":23},"end":{"line":173,"column":24}},"loc":{"start":{"line":173,"column":50},"end":{"line":207,"column":5}},"line":173},"22":{"name":"(anonymous_22)","decl":{"start":{"line":191,"column":31},"end":{"line":191,"column":32}},"loc":{"start":{"line":191,"column":44},"end":{"line":191,"column":58}},"line":191},"23":{"name":"(anonymous_23)","decl":{"start":{"line":199,"column":55},"end":{"line":199,"column":56}},"loc":{"start":{"line":200,"column":10},"end":{"line":200,"column":46}},"line":200},"24":{"name":"(anonymous_24)","decl":{"start":{"line":210,"column":2},"end":{"line":210,"column":3}},"loc":{"start":{"line":210,"column":43},"end":{"line":236,"column":3}},"line":210}},"branchMap":{"0":{"loc":{"start":{"line":132,"column":10},"end":{"line":136,"column":11}},"type":"if","locations":[{"start":{"line":132,"column":10},"end":{"line":136,"column":11}},{"start":{},"end":{}}],"line":132}},"s":{"0":5,"1":1,"2":1,"3":1,"4":1,"5":1,"6":1,"7":2,"8":1,"9":1,"10":1,"11":1,"12":0,"13":0,"14":1,"15":1,"16":1,"17":1,"18":1,"19":0,"20":0,"21":1,"22":1,"23":1,"24":1,"25":1,"26":1,"27":1,"28":1,"29":1,"30":0,"31":1,"32":1,"33":1,"34":0,"35":1,"36":1,"37":1,"38":1,"39":1,"40":0,"41":0,"42":0,"43":1,"44":2,"45":1,"46":0,"47":1,"48":1,"49":2,"50":1,"51":2,"52":1,"53":0,"54":0,"55":1,"56":1,"57":1,"58":1,"59":1,"60":1,"61":1,"62":1,"63":1,"64":1,"65":2,"66":1,"67":0,"68":0,"69":1,"70":1,"71":1,"72":1,"73":1,"74":1,"75":0},"f":{"0":5,"1":1,"2":1,"3":2,"4":1,"5":1,"6":1,"7":1,"8":1,"9":1,"10":0,"11":1,"12":0,"13":1,"14":0,"15":0,"16":2,"17":0,"18":2,"19":2,"20":1,"21":1,"22":1,"23":2,"24":1},"b":{"0":[0,0]},"_coverageSchema":"1a1c01bbd47fc00a2c39e90264f33305004495a9","hash":"83fe70444c52ffbc0503c2b9047f5d97063551b7"}
,"/Users/domoncassiu/Desktop/icloud/cmu/course/18652/repo/fse-s24-sb5/controllers/PublicChatController.js": {"path":"/Users/domoncassiu/Desktop/icloud/cmu/course/18652/repo/fse-s24-sb5/controllers/PublicChatController.js","statementMap":{"0":{"start":{"line":10,"column":4},"end":{"line":10,"column":29}},"1":{"start":{"line":14,"column":4},"end":{"line":50,"column":7}},"2":{"start":{"line":15,"column":6},"end":{"line":49,"column":7}},"3":{"start":{"line":17,"column":8},"end":{"line":39,"column":9}},"4":{"start":{"line":18,"column":10},"end":{"line":25,"column":12}},"5":{"start":{"line":28,"column":10},"end":{"line":38,"column":12}},"6":{"start":{"line":40,"column":8},"end":{"line":40,"column":35}},"7":{"start":{"line":41,"column":8},"end":{"line":43,"column":10}},"8":{"start":{"line":44,"column":8},"end":{"line":44,"column":48}},"9":{"start":{"line":45,"column":8},"end":{"line":45,"column":31}},"10":{"start":{"line":47,"column":8},"end":{"line":47,"column":27}},"11":{"start":{"line":48,"column":8},"end":{"line":48,"column":42}},"12":{"start":{"line":54,"column":4},"end":{"line":68,"column":7}},"13":{"start":{"line":55,"column":6},"end":{"line":67,"column":7}},"14":{"start":{"line":56,"column":23},"end":{"line":61,"column":9}},"15":{"start":{"line":63,"column":8},"end":{"line":63,"column":26}},"16":{"start":{"line":65,"column":8},"end":{"line":65,"column":27}},"17":{"start":{"line":66,"column":8},"end":{"line":66,"column":42}}},"fnMap":{"0":{"name":"(anonymous_0)","decl":{"start":{"line":9,"column":2},"end":{"line":9,"column":3}},"loc":{"start":{"line":9,"column":24},"end":{"line":11,"column":3}},"line":9},"1":{"name":"(anonymous_1)","decl":{"start":{"line":13,"column":2},"end":{"line":13,"column":3}},"loc":{"start":{"line":13,"column":42},"end":{"line":51,"column":3}},"line":13},"2":{"name":"(anonymous_2)","decl":{"start":{"line":14,"column":23},"end":{"line":14,"column":24}},"loc":{"start":{"line":14,"column":50},"end":{"line":50,"column":5}},"line":14},"3":{"name":"(anonymous_3)","decl":{"start":{"line":53,"column":2},"end":{"line":53,"column":3}},"loc":{"start":{"line":53,"column":58},"end":{"line":69,"column":3}},"line":53},"4":{"name":"(anonymous_4)","decl":{"start":{"line":54,"column":23},"end":{"line":54,"column":24}},"loc":{"start":{"line":54,"column":50},"end":{"line":68,"column":5}},"line":54}},"branchMap":{"0":{"loc":{"start":{"line":17,"column":8},"end":{"line":39,"column":9}},"type":"if","locations":[{"start":{"line":17,"column":8},"end":{"line":39,"column":9}},{"start":{"line":26,"column":15},"end":{"line":39,"column":9}}],"line":17}},"s":{"0":1,"1":1,"2":1,"3":1,"4":0,"5":1,"6":1,"7":1,"8":1,"9":1,"10":0,"11":0,"12":1,"13":1,"14":1,"15":1,"16":0,"17":0},"f":{"0":1,"1":1,"2":1,"3":1,"4":1},"b":{"0":[0,1]},"_coverageSchema":"1a1c01bbd47fc00a2c39e90264f33305004495a9","hash":"4109fc6d70e26930afd497d7b8746dab6174564a"}
,"/Users/domoncassiu/Desktop/icloud/cmu/course/18652/repo/fse-s24-sb5/controllers/SearchController.js": {"path":"/Users/domoncassiu/Desktop/icloud/cmu/course/18652/repo/fse-s24-sb5/controllers/SearchController.js","statementMap":{"0":{"start":{"line":11,"column":4},"end":{"line":11,"column":29}},"1":{"start":{"line":15,"column":4},"end":{"line":33,"column":7}},"2":{"start":{"line":16,"column":6},"end":{"line":32,"column":7}},"3":{"start":{"line":17,"column":26},"end":{"line":17,"column":74}},"4":{"start":{"line":18,"column":25},"end":{"line":18,"column":28}},"5":{"start":{"line":19,"column":26},"end":{"line":19,"column":30}},"6":{"start":{"line":20,"column":23},"end":{"line":26,"column":9}},"7":{"start":{"line":28,"column":8},"end":{"line":28,"column":26}},"8":{"start":{"line":30,"column":8},"end":{"line":30,"column":27}},"9":{"start":{"line":31,"column":8},"end":{"line":31,"column":42}},"10":{"start":{"line":37,"column":4},"end":{"line":49,"column":7}},"11":{"start":{"line":38,"column":6},"end":{"line":48,"column":7}},"12":{"start":{"line":39,"column":23},"end":{"line":42,"column":9}},"13":{"start":{"line":44,"column":8},"end":{"line":44,"column":26}},"14":{"start":{"line":46,"column":8},"end":{"line":46,"column":27}},"15":{"start":{"line":47,"column":8},"end":{"line":47,"column":42}},"16":{"start":{"line":53,"column":4},"end":{"line":76,"column":7}},"17":{"start":{"line":54,"column":6},"end":{"line":54,"column":47}},"18":{"start":{"line":55,"column":6},"end":{"line":75,"column":7}},"19":{"start":{"line":56,"column":26},"end":{"line":60,"column":9}},"20":{"start":{"line":61,"column":25},"end":{"line":61,"column":27}},"21":{"start":{"line":62,"column":26},"end":{"line":62,"column":31}},"22":{"start":{"line":63,"column":23},"end":{"line":69,"column":9}},"23":{"start":{"line":71,"column":8},"end":{"line":71,"column":26}},"24":{"start":{"line":73,"column":8},"end":{"line":73,"column":27}},"25":{"start":{"line":74,"column":8},"end":{"line":74,"column":42}},"26":{"start":{"line":80,"column":4},"end":{"line":103,"column":7}},"27":{"start":{"line":81,"column":6},"end":{"line":81,"column":47}},"28":{"start":{"line":82,"column":6},"end":{"line":102,"column":7}},"29":{"start":{"line":83,"column":26},"end":{"line":87,"column":9}},"30":{"start":{"line":88,"column":25},"end":{"line":88,"column":27}},"31":{"start":{"line":89,"column":26},"end":{"line":89,"column":31}},"32":{"start":{"line":90,"column":23},"end":{"line":96,"column":9}},"33":{"start":{"line":98,"column":8},"end":{"line":98,"column":26}},"34":{"start":{"line":100,"column":8},"end":{"line":100,"column":27}},"35":{"start":{"line":101,"column":8},"end":{"line":101,"column":42}},"36":{"start":{"line":107,"column":4},"end":{"line":125,"column":7}},"37":{"start":{"line":108,"column":6},"end":{"line":124,"column":7}},"38":{"start":{"line":109,"column":26},"end":{"line":109,"column":48}},"39":{"start":{"line":110,"column":25},"end":{"line":110,"column":27}},"40":{"start":{"line":111,"column":26},"end":{"line":111,"column":31}},"41":{"start":{"line":112,"column":23},"end":{"line":118,"column":9}},"42":{"start":{"line":120,"column":8},"end":{"line":120,"column":26}},"43":{"start":{"line":122,"column":8},"end":{"line":122,"column":27}},"44":{"start":{"line":123,"column":8},"end":{"line":123,"column":42}},"45":{"start":{"line":129,"column":4},"end":{"line":129,"column":45}},"46":{"start":{"line":130,"column":4},"end":{"line":162,"column":7}},"47":{"start":{"line":131,"column":6},"end":{"line":161,"column":7}},"48":{"start":{"line":132,"column":26},"end":{"line":146,"column":9}},"49":{"start":{"line":147,"column":25},"end":{"line":147,"column":27}},"50":{"start":{"line":148,"column":26},"end":{"line":148,"column":31}},"51":{"start":{"line":149,"column":23},"end":{"line":155,"column":9}},"52":{"start":{"line":157,"column":8},"end":{"line":157,"column":26}},"53":{"start":{"line":159,"column":8},"end":{"line":159,"column":27}},"54":{"start":{"line":160,"column":8},"end":{"line":160,"column":42}}},"fnMap":{"0":{"name":"(anonymous_0)","decl":{"start":{"line":10,"column":2},"end":{"line":10,"column":3}},"loc":{"start":{"line":10,"column":24},"end":{"line":12,"column":3}},"line":10},"1":{"name":"(anonymous_1)","decl":{"start":{"line":14,"column":2},"end":{"line":14,"column":3}},"loc":{"start":{"line":14,"column":38},"end":{"line":34,"column":3}},"line":14},"2":{"name":"(anonymous_2)","decl":{"start":{"line":15,"column":23},"end":{"line":15,"column":24}},"loc":{"start":{"line":15,"column":50},"end":{"line":33,"column":5}},"line":15},"3":{"name":"(anonymous_3)","decl":{"start":{"line":36,"column":2},"end":{"line":36,"column":3}},"loc":{"start":{"line":36,"column":32},"end":{"line":50,"column":3}},"line":36},"4":{"name":"(anonymous_4)","decl":{"start":{"line":37,"column":23},"end":{"line":37,"column":24}},"loc":{"start":{"line":37,"column":50},"end":{"line":49,"column":5}},"line":37},"5":{"name":"(anonymous_5)","decl":{"start":{"line":52,"column":2},"end":{"line":52,"column":3}},"loc":{"start":{"line":52,"column":49},"end":{"line":77,"column":3}},"line":52},"6":{"name":"(anonymous_6)","decl":{"start":{"line":53,"column":23},"end":{"line":53,"column":24}},"loc":{"start":{"line":53,"column":50},"end":{"line":76,"column":5}},"line":53},"7":{"name":"(anonymous_7)","decl":{"start":{"line":79,"column":2},"end":{"line":79,"column":3}},"loc":{"start":{"line":79,"column":43},"end":{"line":104,"column":3}},"line":79},"8":{"name":"(anonymous_8)","decl":{"start":{"line":80,"column":23},"end":{"line":80,"column":24}},"loc":{"start":{"line":80,"column":50},"end":{"line":103,"column":5}},"line":80},"9":{"name":"(anonymous_9)","decl":{"start":{"line":106,"column":2},"end":{"line":106,"column":3}},"loc":{"start":{"line":106,"column":44},"end":{"line":126,"column":3}},"line":106},"10":{"name":"(anonymous_10)","decl":{"start":{"line":107,"column":23},"end":{"line":107,"column":24}},"loc":{"start":{"line":107,"column":50},"end":{"line":125,"column":5}},"line":107},"11":{"name":"(anonymous_11)","decl":{"start":{"line":128,"column":2},"end":{"line":128,"column":3}},"loc":{"start":{"line":128,"column":62},"end":{"line":163,"column":3}},"line":128},"12":{"name":"(anonymous_12)","decl":{"start":{"line":130,"column":23},"end":{"line":130,"column":24}},"loc":{"start":{"line":130,"column":50},"end":{"line":162,"column":5}},"line":130}},"branchMap":{},"s":{"0":6,"1":3,"2":3,"3":3,"4":3,"5":3,"6":3,"7":3,"8":0,"9":0,"10":2,"11":2,"12":2,"13":2,"14":0,"15":0,"16":3,"17":3,"18":3,"19":3,"20":3,"21":3,"22":3,"23":3,"24":0,"25":0,"26":2,"27":2,"28":2,"29":2,"30":2,"31":2,"32":2,"33":2,"34":0,"35":0,"36":2,"37":2,"38":2,"39":2,"40":2,"41":2,"42":2,"43":0,"44":0,"45":3,"46":3,"47":3,"48":3,"49":3,"50":3,"51":3,"52":3,"53":0,"54":0},"f":{"0":6,"1":3,"2":3,"3":2,"4":2,"5":3,"6":3,"7":2,"8":2,"9":2,"10":2,"11":3,"12":3},"b":{},"_coverageSchema":"1a1c01bbd47fc00a2c39e90264f33305004495a9","hash":"1dfdaf98c582646ca0a18881413f185fb5676ebe"}
,"/Users/domoncassiu/Desktop/icloud/cmu/course/18652/repo/fse-s24-sb5/controllers/ShelterController.js": {"path":"/Users/domoncassiu/Desktop/icloud/cmu/course/18652/repo/fse-s24-sb5/controllers/ShelterController.js","statementMap":{"0":{"start":{"line":8,"column":4},"end":{"line":8,"column":29}},"1":{"start":{"line":12,"column":4},"end":{"line":31,"column":7}},"2":{"start":{"line":13,"column":6},"end":{"line":30,"column":7}},"3":{"start":{"line":14,"column":24},"end":{"line":14,"column":26}},"4":{"start":{"line":15,"column":8},"end":{"line":17,"column":9}},"5":{"start":{"line":16,"column":10},"end":{"line":16,"column":44}},"6":{"start":{"line":18,"column":23},"end":{"line":24,"column":9}},"7":{"start":{"line":26,"column":8},"end":{"line":26,"column":26}},"8":{"start":{"line":28,"column":8},"end":{"line":28,"column":27}},"9":{"start":{"line":29,"column":8},"end":{"line":29,"column":42}},"10":{"start":{"line":35,"column":4},"end":{"line":56,"column":7}},"11":{"start":{"line":36,"column":6},"end":{"line":55,"column":7}},"12":{"start":{"line":37,"column":8},"end":{"line":37,"column":74}},"13":{"start":{"line":38,"column":22},"end":{"line":46,"column":9}},"14":{"start":{"line":47,"column":8},"end":{"line":47,"column":38}},"15":{"start":{"line":48,"column":8},"end":{"line":50,"column":10}},"16":{"start":{"line":51,"column":8},"end":{"line":51,"column":25}},"17":{"start":{"line":53,"column":8},"end":{"line":53,"column":27}},"18":{"start":{"line":54,"column":8},"end":{"line":54,"column":42}},"19":{"start":{"line":60,"column":4},"end":{"line":80,"column":7}},"20":{"start":{"line":61,"column":6},"end":{"line":79,"column":7}},"21":{"start":{"line":62,"column":22},"end":{"line":70,"column":9}},"22":{"start":{"line":71,"column":8},"end":{"line":71,"column":38}},"23":{"start":{"line":72,"column":8},"end":{"line":74,"column":10}},"24":{"start":{"line":75,"column":8},"end":{"line":75,"column":18}},"25":{"start":{"line":77,"column":8},"end":{"line":77,"column":27}},"26":{"start":{"line":78,"column":8},"end":{"line":78,"column":42}},"27":{"start":{"line":84,"column":4},"end":{"line":104,"column":7}},"28":{"start":{"line":85,"column":6},"end":{"line":103,"column":7}},"29":{"start":{"line":86,"column":22},"end":{"line":94,"column":9}},"30":{"start":{"line":95,"column":8},"end":{"line":97,"column":10}},"31":{"start":{"line":98,"column":8},"end":{"line":98,"column":38}},"32":{"start":{"line":99,"column":8},"end":{"line":99,"column":18}},"33":{"start":{"line":101,"column":8},"end":{"line":101,"column":27}},"34":{"start":{"line":102,"column":8},"end":{"line":102,"column":42}}},"fnMap":{"0":{"name":"(anonymous_0)","decl":{"start":{"line":7,"column":2},"end":{"line":7,"column":3}},"loc":{"start":{"line":7,"column":24},"end":{"line":9,"column":3}},"line":7},"1":{"name":"(anonymous_1)","decl":{"start":{"line":11,"column":2},"end":{"line":11,"column":3}},"loc":{"start":{"line":11,"column":65},"end":{"line":32,"column":3}},"line":11},"2":{"name":"(anonymous_2)","decl":{"start":{"line":12,"column":23},"end":{"line":12,"column":24}},"loc":{"start":{"line":12,"column":50},"end":{"line":31,"column":5}},"line":12},"3":{"name":"(anonymous_3)","decl":{"start":{"line":34,"column":2},"end":{"line":34,"column":3}},"loc":{"start":{"line":34,"column":68},"end":{"line":57,"column":3}},"line":34},"4":{"name":"(anonymous_4)","decl":{"start":{"line":35,"column":23},"end":{"line":35,"column":24}},"loc":{"start":{"line":35,"column":50},"end":{"line":56,"column":5}},"line":35},"5":{"name":"(anonymous_5)","decl":{"start":{"line":59,"column":2},"end":{"line":59,"column":3}},"loc":{"start":{"line":59,"column":28},"end":{"line":81,"column":3}},"line":59},"6":{"name":"(anonymous_6)","decl":{"start":{"line":60,"column":23},"end":{"line":60,"column":24}},"loc":{"start":{"line":60,"column":50},"end":{"line":80,"column":5}},"line":60},"7":{"name":"(anonymous_7)","decl":{"start":{"line":83,"column":2},"end":{"line":83,"column":3}},"loc":{"start":{"line":83,"column":68},"end":{"line":105,"column":3}},"line":83},"8":{"name":"(anonymous_8)","decl":{"start":{"line":84,"column":23},"end":{"line":84,"column":24}},"loc":{"start":{"line":84,"column":50},"end":{"line":104,"column":5}},"line":84}},"branchMap":{"0":{"loc":{"start":{"line":15,"column":8},"end":{"line":17,"column":9}},"type":"if","locations":[{"start":{"line":15,"column":8},"end":{"line":17,"column":9}},{"start":{},"end":{}}],"line":15}},"s":{"0":9,"1":5,"2":5,"3":5,"4":5,"5":4,"6":5,"7":4,"8":1,"9":1,"10":4,"11":4,"12":4,"13":4,"14":4,"15":2,"16":2,"17":2,"18":2,"19":2,"20":2,"21":2,"22":2,"23":1,"24":1,"25":1,"26":1,"27":2,"28":2,"29":2,"30":2,"31":2,"32":2,"33":0,"34":0},"f":{"0":9,"1":5,"2":5,"3":4,"4":4,"5":2,"6":2,"7":2,"8":2},"b":{"0":[4,1]},"_coverageSchema":"1a1c01bbd47fc00a2c39e90264f33305004495a9","hash":"5a74c5895a80a7f60f31fdd8d81b10cc7aa3b4ed"}
,"/Users/domoncassiu/Desktop/icloud/cmu/course/18652/repo/fse-s24-sb5/controllers/UserController.js": {"path":"/Users/domoncassiu/Desktop/icloud/cmu/course/18652/repo/fse-s24-sb5/controllers/UserController.js","statementMap":{"0":{"start":{"line":8,"column":4},"end":{"line":8,"column":29}},"1":{"start":{"line":12,"column":4},"end":{"line":25,"column":7}},"2":{"start":{"line":13,"column":6},"end":{"line":24,"column":7}},"3":{"start":{"line":14,"column":22},"end":{"line":19,"column":9}},"4":{"start":{"line":20,"column":8},"end":{"line":20,"column":25}},"5":{"start":{"line":22,"column":8},"end":{"line":22,"column":27}},"6":{"start":{"line":23,"column":8},"end":{"line":23,"column":42}},"7":{"start":{"line":29,"column":4},"end":{"line":40,"column":7}},"8":{"start":{"line":30,"column":6},"end":{"line":39,"column":7}},"9":{"start":{"line":31,"column":21},"end":{"line":34,"column":9}},"10":{"start":{"line":35,"column":8},"end":{"line":35,"column":24}},"11":{"start":{"line":37,"column":8},"end":{"line":37,"column":27}},"12":{"start":{"line":38,"column":8},"end":{"line":38,"column":42}},"13":{"start":{"line":44,"column":4},"end":{"line":63,"column":7}},"14":{"start":{"line":45,"column":6},"end":{"line":62,"column":7}},"15":{"start":{"line":46,"column":30},"end":{"line":51,"column":9}},"16":{"start":{"line":52,"column":21},"end":{"line":52,"column":64}},"17":{"start":{"line":54,"column":8},"end":{"line":57,"column":10}},"18":{"start":{"line":58,"column":8},"end":{"line":58,"column":24}},"19":{"start":{"line":60,"column":8},"end":{"line":60,"column":27}},"20":{"start":{"line":61,"column":8},"end":{"line":61,"column":42}}},"fnMap":{"0":{"name":"(anonymous_0)","decl":{"start":{"line":7,"column":2},"end":{"line":7,"column":3}},"loc":{"start":{"line":7,"column":24},"end":{"line":9,"column":3}},"line":7},"1":{"name":"(anonymous_1)","decl":{"start":{"line":11,"column":2},"end":{"line":11,"column":3}},"loc":{"start":{"line":11,"column":51},"end":{"line":26,"column":3}},"line":11},"2":{"name":"(anonymous_2)","decl":{"start":{"line":12,"column":23},"end":{"line":12,"column":24}},"loc":{"start":{"line":12,"column":50},"end":{"line":25,"column":5}},"line":12},"3":{"name":"(anonymous_3)","decl":{"start":{"line":28,"column":2},"end":{"line":28,"column":3}},"loc":{"start":{"line":28,"column":38},"end":{"line":41,"column":3}},"line":28},"4":{"name":"(anonymous_4)","decl":{"start":{"line":29,"column":23},"end":{"line":29,"column":24}},"loc":{"start":{"line":29,"column":50},"end":{"line":40,"column":5}},"line":29},"5":{"name":"(anonymous_5)","decl":{"start":{"line":43,"column":2},"end":{"line":43,"column":3}},"loc":{"start":{"line":43,"column":49},"end":{"line":64,"column":3}},"line":43},"6":{"name":"(anonymous_6)","decl":{"start":{"line":44,"column":23},"end":{"line":44,"column":24}},"loc":{"start":{"line":44,"column":50},"end":{"line":63,"column":5}},"line":44}},"branchMap":{},"s":{"0":5,"1":1,"2":1,"3":1,"4":1,"5":0,"6":0,"7":2,"8":2,"9":2,"10":2,"11":0,"12":0,"13":2,"14":2,"15":2,"16":2,"17":2,"18":2,"19":0,"20":0},"f":{"0":5,"1":1,"2":1,"3":2,"4":2,"5":2,"6":2},"b":{},"_coverageSchema":"1a1c01bbd47fc00a2c39e90264f33305004495a9","hash":"c87178ed1b30568ca250b031b8d49e400443fba0"}
,"/Users/domoncassiu/Desktop/icloud/cmu/course/18652/repo/fse-s24-sb5/dao/AnnouncementDAO.js": {"path":"/Users/domoncassiu/Desktop/icloud/cmu/course/18652/repo/fse-s24-sb5/dao/AnnouncementDAO.js","statementMap":{"0":{"start":{"line":6,"column":4},"end":{"line":6,"column":20}},"1":{"start":{"line":10,"column":4},"end":{"line":16,"column":6}},"2":{"start":{"line":20,"column":4},"end":{"line":20,"column":71}}},"fnMap":{"0":{"name":"(anonymous_0)","decl":{"start":{"line":5,"column":2},"end":{"line":5,"column":3}},"loc":{"start":{"line":5,"column":24},"end":{"line":7,"column":3}},"line":5},"1":{"name":"(anonymous_1)","decl":{"start":{"line":9,"column":2},"end":{"line":9,"column":3}},"loc":{"start":{"line":9,"column":63},"end":{"line":17,"column":3}},"line":9},"2":{"name":"(anonymous_2)","decl":{"start":{"line":19,"column":2},"end":{"line":19,"column":3}},"loc":{"start":{"line":19,"column":29},"end":{"line":21,"column":3}},"line":19}},"branchMap":{},"s":{"0":12,"1":4,"2":2},"f":{"0":12,"1":4,"2":2},"b":{},"_coverageSchema":"1a1c01bbd47fc00a2c39e90264f33305004495a9","hash":"304b83329b8b3f7001591343d4c83a254b1ffb21"}
,"/Users/domoncassiu/Desktop/icloud/cmu/course/18652/repo/fse-s24-sb5/dao/DAO.js": {"path":"/Users/domoncassiu/Desktop/icloud/cmu/course/18652/repo/fse-s24-sb5/dao/DAO.js","statementMap":{"0":{"start":{"line":3,"column":4},"end":{"line":7,"column":5}},"1":{"start":{"line":4,"column":6},"end":{"line":6,"column":8}},"2":{"start":{"line":8,"column":4},"end":{"line":10,"column":5}},"3":{"start":{"line":9,"column":6},"end":{"line":9,"column":60}},"4":{"start":{"line":11,"column":4},"end":{"line":11,"column":29}},"5":{"start":{"line":15,"column":4},"end":{"line":17,"column":6}},"6":{"start":{"line":21,"column":4},"end":{"line":23,"column":6}},"7":{"start":{"line":27,"column":4},"end":{"line":29,"column":6}},"8":{"start":{"line":33,"column":4},"end":{"line":35,"column":6}},"9":{"start":{"line":39,"column":4},"end":{"line":41,"column":6}}},"fnMap":{"0":{"name":"(anonymous_0)","decl":{"start":{"line":2,"column":2},"end":{"line":2,"column":3}},"loc":{"start":{"line":2,"column":24},"end":{"line":12,"column":3}},"line":2},"1":{"name":"(anonymous_1)","decl":{"start":{"line":14,"column":2},"end":{"line":14,"column":3}},"loc":{"start":{"line":14,"column":17},"end":{"line":18,"column":3}},"line":14},"2":{"name":"(anonymous_2)","decl":{"start":{"line":20,"column":2},"end":{"line":20,"column":3}},"loc":{"start":{"line":20,"column":15},"end":{"line":24,"column":3}},"line":20},"3":{"name":"(anonymous_3)","decl":{"start":{"line":26,"column":2},"end":{"line":26,"column":3}},"loc":{"start":{"line":26,"column":18},"end":{"line":30,"column":3}},"line":26},"4":{"name":"(anonymous_4)","decl":{"start":{"line":32,"column":2},"end":{"line":32,"column":3}},"loc":{"start":{"line":32,"column":17},"end":{"line":36,"column":3}},"line":32},"5":{"name":"(anonymous_5)","decl":{"start":{"line":38,"column":2},"end":{"line":38,"column":3}},"loc":{"start":{"line":38,"column":17},"end":{"line":42,"column":3}},"line":38}},"branchMap":{"0":{"loc":{"start":{"line":3,"column":4},"end":{"line":7,"column":5}},"type":"if","locations":[{"start":{"line":3,"column":4},"end":{"line":7,"column":5}},{"start":{},"end":{}}],"line":3},"1":{"loc":{"start":{"line":8,"column":4},"end":{"line":10,"column":5}},"type":"if","locations":[{"start":{"line":8,"column":4},"end":{"line":10,"column":5}},{"start":{},"end":{}}],"line":8}},"s":{"0":98,"1":0,"2":98,"3":0,"4":98,"5":0,"6":0,"7":0,"8":0,"9":0},"f":{"0":98,"1":0,"2":0,"3":0,"4":0,"5":0},"b":{"0":[0,98],"1":[0,98]},"_coverageSchema":"1a1c01bbd47fc00a2c39e90264f33305004495a9","hash":"49541fffc3eb36d86e0d82d3b04a7fdc3d389cae"}
,"/Users/domoncassiu/Desktop/icloud/cmu/course/18652/repo/fse-s24-sb5/dao/OnlineStatusDAO.js": {"path":"/Users/domoncassiu/Desktop/icloud/cmu/course/18652/repo/fse-s24-sb5/dao/OnlineStatusDAO.js","statementMap":{"0":{"start":{"line":6,"column":4},"end":{"line":6,"column":20}},"1":{"start":{"line":10,"column":4},"end":{"line":10,"column":65}},"2":{"start":{"line":14,"column":4},"end":{"line":14,"column":69}},"3":{"start":{"line":18,"column":4},"end":{"line":23,"column":6}},"4":{"start":{"line":27,"column":4},"end":{"line":32,"column":6}},"5":{"start":{"line":36,"column":4},"end":{"line":36,"column":73}}},"fnMap":{"0":{"name":"(anonymous_0)","decl":{"start":{"line":5,"column":2},"end":{"line":5,"column":3}},"loc":{"start":{"line":5,"column":24},"end":{"line":7,"column":3}},"line":5},"1":{"name":"(anonymous_1)","decl":{"start":{"line":9,"column":2},"end":{"line":9,"column":3}},"loc":{"start":{"line":9,"column":23},"end":{"line":11,"column":3}},"line":9},"2":{"name":"(anonymous_2)","decl":{"start":{"line":13,"column":2},"end":{"line":13,"column":3}},"loc":{"start":{"line":13,"column":21},"end":{"line":15,"column":3}},"line":13},"3":{"name":"(anonymous_3)","decl":{"start":{"line":17,"column":2},"end":{"line":17,"column":3}},"loc":{"start":{"line":17,"column":39},"end":{"line":24,"column":3}},"line":17},"4":{"name":"(anonymous_4)","decl":{"start":{"line":26,"column":2},"end":{"line":26,"column":3}},"loc":{"start":{"line":26,"column":40},"end":{"line":33,"column":3}},"line":26},"5":{"name":"(anonymous_5)","decl":{"start":{"line":35,"column":2},"end":{"line":35,"column":3}},"loc":{"start":{"line":35,"column":25},"end":{"line":37,"column":3}},"line":35}},"branchMap":{},"s":{"0":12,"1":0,"2":0,"3":5,"4":2,"5":0},"f":{"0":12,"1":0,"2":0,"3":5,"4":2,"5":0},"b":{},"_coverageSchema":"1a1c01bbd47fc00a2c39e90264f33305004495a9","hash":"253f351e1a4db626821e5b85130e818934ab8dc2"}
,"/Users/domoncassiu/Desktop/icloud/cmu/course/18652/repo/fse-s24-sb5/dao/PrivateMessageDAO.js": {"path":"/Users/domoncassiu/Desktop/icloud/cmu/course/18652/repo/fse-s24-sb5/dao/PrivateMessageDAO.js","statementMap":{"0":{"start":{"line":6,"column":4},"end":{"line":6,"column":20}},"1":{"start":{"line":10,"column":4},"end":{"line":10,"column":68}},"2":{"start":{"line":14,"column":4},"end":{"line":14,"column":71}},"3":{"start":{"line":18,"column":4},"end":{"line":22,"column":6}},"4":{"start":{"line":26,"column":4},"end":{"line":32,"column":6}},"5":{"start":{"line":36,"column":4},"end":{"line":41,"column":6}},"6":{"start":{"line":45,"column":4},"end":{"line":50,"column":6}},"7":{"start":{"line":55,"column":4},"end":{"line":55,"column":70}}},"fnMap":{"0":{"name":"(anonymous_0)","decl":{"start":{"line":5,"column":2},"end":{"line":5,"column":3}},"loc":{"start":{"line":5,"column":24},"end":{"line":7,"column":3}},"line":5},"1":{"name":"(anonymous_1)","decl":{"start":{"line":9,"column":2},"end":{"line":9,"column":3}},"loc":{"start":{"line":9,"column":24},"end":{"line":11,"column":3}},"line":9},"2":{"name":"(anonymous_2)","decl":{"start":{"line":13,"column":2},"end":{"line":13,"column":3}},"loc":{"start":{"line":13,"column":21},"end":{"line":15,"column":3}},"line":13},"3":{"name":"(anonymous_3)","decl":{"start":{"line":17,"column":2},"end":{"line":17,"column":3}},"loc":{"start":{"line":17,"column":33},"end":{"line":23,"column":3}},"line":17},"4":{"name":"(anonymous_4)","decl":{"start":{"line":25,"column":2},"end":{"line":25,"column":3}},"loc":{"start":{"line":25,"column":63},"end":{"line":33,"column":3}},"line":25},"5":{"name":"(anonymous_5)","decl":{"start":{"line":35,"column":2},"end":{"line":35,"column":3}},"loc":{"start":{"line":35,"column":40},"end":{"line":42,"column":3}},"line":35},"6":{"name":"(anonymous_6)","decl":{"start":{"line":44,"column":2},"end":{"line":44,"column":3}},"loc":{"start":{"line":44,"column":44},"end":{"line":51,"column":3}},"line":44},"7":{"name":"(anonymous_7)","decl":{"start":{"line":54,"column":2},"end":{"line":54,"column":3}},"loc":{"start":{"line":54,"column":20},"end":{"line":56,"column":3}},"line":54}},"branchMap":{},"s":{"0":11,"1":2,"2":0,"3":0,"4":3,"5":0,"6":0,"7":0},"f":{"0":11,"1":2,"2":0,"3":0,"4":3,"5":0,"6":0,"7":0},"b":{},"_coverageSchema":"1a1c01bbd47fc00a2c39e90264f33305004495a9","hash":"698ed789e2c6100ad1f9bce6bea75f1a8f3f8b53"}
,"/Users/domoncassiu/Desktop/icloud/cmu/course/18652/repo/fse-s24-sb5/dao/PublicMessageDAO.js": {"path":"/Users/domoncassiu/Desktop/icloud/cmu/course/18652/repo/fse-s24-sb5/dao/PublicMessageDAO.js","statementMap":{"0":{"start":{"line":6,"column":4},"end":{"line":6,"column":20}},"1":{"start":{"line":10,"column":4},"end":{"line":10,"column":67}},"2":{"start":{"line":14,"column":4},"end":{"line":14,"column":70}},"3":{"start":{"line":18,"column":4},"end":{"line":22,"column":6}},"4":{"start":{"line":26,"column":4},"end":{"line":32,"column":6}},"5":{"start":{"line":36,"column":4},"end":{"line":41,"column":6}},"6":{"start":{"line":46,"column":4},"end":{"line":46,"column":69}}},"fnMap":{"0":{"name":"(anonymous_0)","decl":{"start":{"line":5,"column":2},"end":{"line":5,"column":3}},"loc":{"start":{"line":5,"column":24},"end":{"line":7,"column":3}},"line":5},"1":{"name":"(anonymous_1)","decl":{"start":{"line":9,"column":2},"end":{"line":9,"column":3}},"loc":{"start":{"line":9,"column":24},"end":{"line":11,"column":3}},"line":9},"2":{"name":"(anonymous_2)","decl":{"start":{"line":13,"column":2},"end":{"line":13,"column":3}},"loc":{"start":{"line":13,"column":21},"end":{"line":15,"column":3}},"line":13},"3":{"name":"(anonymous_3)","decl":{"start":{"line":17,"column":2},"end":{"line":17,"column":3}},"loc":{"start":{"line":17,"column":33},"end":{"line":23,"column":3}},"line":17},"4":{"name":"(anonymous_4)","decl":{"start":{"line":25,"column":2},"end":{"line":25,"column":3}},"loc":{"start":{"line":25,"column":63},"end":{"line":33,"column":3}},"line":25},"5":{"name":"(anonymous_5)","decl":{"start":{"line":35,"column":2},"end":{"line":35,"column":3}},"loc":{"start":{"line":35,"column":40},"end":{"line":42,"column":3}},"line":35},"6":{"name":"(anonymous_6)","decl":{"start":{"line":45,"column":2},"end":{"line":45,"column":3}},"loc":{"start":{"line":45,"column":20},"end":{"line":47,"column":3}},"line":45}},"branchMap":{},"s":{"0":8,"1":1,"2":0,"3":0,"4":2,"5":0,"6":0},"f":{"0":8,"1":1,"2":0,"3":0,"4":2,"5":0,"6":0},"b":{},"_coverageSchema":"1a1c01bbd47fc00a2c39e90264f33305004495a9","hash":"339fafe013df1fde062e92915548166ab87ba7ac"}
[...]
,"/Users/domoncassiu/Desktop/icloud/cmu/course/18652/repo/fse-s24-sb5/schemas/PrivateMessageSchema.js": {"path":"/Users/domoncassiu/Desktop/icloud/cmu/course/18652/repo/fse-s24-sb5/schemas/PrivateMessageSchema.js","statementMap":{"0":{"start":{"line":4,"column":29},"end":{"line":38,"column":1}}},"fnMap":{},"branchMap":{},"s":{"0":21},"f":{},"b":{},"_coverageSchema":"1a1c01bbd47fc00a2c39e90264f33305004495a9","hash":"1eba98d0f0d6573b8755c5e8396cfc387a7fa4f8"}
,"/Users/domoncassiu/Desktop/icloud/cmu/course/18652/repo/fse-s24-sb5/schemas/PublicMessageSchema.js": {"path":"/Users/domoncassiu/Desktop/icloud/cmu/course/18652/repo/fse-s24-sb5/schemas/PublicMessageSchema.js","statementMap":{"0":{"start":{"line":4,"column":28},"end":{"line":30,"column":1}}},"fnMap":{},"branchMap":{},"s":{"0":21},"f":{},"b":{},"_coverageSchema":"1a1c01bbd47fc00a2c39e90264f33305004495a9","hash":"9e750082ba48c6a3f3a2253aaad1a2f2eb7a2fd4"}
,"/Users/domoncassiu/Desktop/icloud/cmu/course/18652/repo/fse-s24-sb5/schemas/SafetyStatusSchema.js": {"path":"/Users/domoncassiu/Desktop/icloud/cmu/course/18652/repo/fse-s24-sb5/schemas/SafetyStatusSchema.js","statementMap":{"0":{"start":{"line":4,"column":27},"end":{"line":21,"column":1}}},"fnMap":{},"branchMap":{},"s":{"0":21},"f":{},"b":{},"_coverageSchema":"1a1c01bbd47fc00a2c39e90264f33305004495a9","hash":"33388f920a3ed6074fc3a063dbf0778f7523080c"}
,"/Users/domoncassiu/Desktop/icloud/cmu/course/18652/repo/fse-s24-sb5/schemas/ShelterSchema.js": {"path":"/Users/domoncassiu/Desktop/icloud/cmu/course/18652/repo/fse-s24-sb5/schemas/ShelterSchema.js","statementMap":{"0":{"start":{"line":3,"column":22},"end":{"line":31,"column":1}}},"fnMap":{},"branchMap":{},"s":{"0":21},"f":{},"b":{},"_coverageSchema":"1a1c01bbd47fc00a2c39e90264f33305004495a9","hash":"aef458fe6044858c84ffbe383efaf36cf9ebe799"}
,"/Users/domoncassiu/Desktop/icloud/cmu/course/18652/repo/fse-s24-sb5/schemas/UserSchema.js": {"path":"/Users/domoncassiu/Desktop/icloud/cmu/course/18652/repo/fse-s24-sb5/schemas/UserSchema.js","statementMap":{"0":{"start":{"line":4,"column":19},"end":{"line":30,"column":1}}},"fnMap":{},"branchMap":{},"s":{"0":21},"f":{},"b":{},"_coverageSchema":"1a1c01bbd47fc00a2c39e90264f33305004495a9","hash":"2899b3e42893780bb9f21a39cc126d50bda74b5f"}
,"/Users/domoncassiu/Desktop/icloud/cmu/course/18652/repo/fse-s24-sb5/schemas/UserSocketSchema.js": {"path":"/Users/domoncassiu/Desktop/icloud/cmu/course/18652/repo/fse-s24-sb5/schemas/UserSocketSchema.js","statementMap":{"0":{"start":{"line":3,"column":25},"end":{"line":12,"column":2}}},"fnMap":{},"branchMap":{},"s":{"0":21},"f":{},"b":{},"_coverageSchema":"1a1c01bbd47fc00a2c39e90264f33305004495a9","hash":"f9349ea79e56a495b5f37c8a22a2fe83d2155c99"}
,"/Users/domoncassiu/Desktop/icloud/cmu/course/18652/repo/fse-s24-sb5/subsystems/WebsocketSubsystem.js": {"path":"/Users/domoncassiu/Desktop/icloud/cmu/course/18652/repo/fse-s24-sb5/subsystems/WebsocketSubsystem.js","statementMap":{"0":{"start":{"line":14,"column":7},"end":{"line":14,"column":11}},"1":{"start":{"line":15,"column":13},"end":{"line":15,"column":17}},"2":{"start":{"line":18,"column":4},"end":{"line":18,"column":26}},"3":{"start":{"line":22,"column":4},"end":{"line":24,"column":5}},"4":{"start":{"line":23,"column":6},"end":{"line":23,"column":69}},"5":{"start":{"line":29,"column":4},"end":{"line":29,"column":26}},"6":{"start":{"line":30,"column":4},"end":{"line":30,"column":32}},"7":{"start":{"line":33,"column":4},"end":{"line":33,"column":46}},"8":{"start":{"line":35,"column":4},"end":{"line":35,"column":51}},"9":{"start":{"line":37,"column":4},"end":{"line":40,"column":6}},"10":{"start":{"line":39,"column":18},"end":{"line":39,"column":67}},"11":{"start":{"line":44,"column":19},"end":{"line":44,"column":24}},"12":{"start":{"line":45,"column":23},"end":{"line":51,"column":5}},"13":{"start":{"line":52,"column":21},"end":{"line":56,"column":5}},"14":{"start":{"line":57,"column":4},"end":{"line":57,"column":63}},"15":{"start":{"line":58,"column":4},"end":{"line":58,"column":53}},"16":{"start":{"line":59,"column":4},"end":{"line":59,"column":46}},"17":{"start":{"line":63,"column":4},"end":{"line":63,"column":31}},"18":{"start":{"line":64,"column":19},"end":{"line":64,"column":23}},"19":{"start":{"line":65,"column":21},"end":{"line":65,"column":31}},"20":{"start":{"line":66,"column":23},"end":{"line":72,"column":5}},"21":{"start":{"line":73,"column":21},"end":{"line":77,"column":5}},"22":{"start":{"line":78,"column":4},"end":{"line":78,"column":63}},"23":{"start":{"line":79,"column":4},"end":{"line":79,"column":53}},"24":{"start":{"line":80,"column":4},"end":{"line":80,"column":46}},"25":{"start":{"line":84,"column":23},"end":{"line":89,"column":5}},"26":{"start":{"line":90,"column":4},"end":{"line":92,"column":5}},"27":{"start":{"line":91,"column":6},"end":{"line":91,"column":56}},"28":{"start":{"line":96,"column":4},"end":{"line":110,"column":5}},"29":{"start":{"line":97,"column":6},"end":{"line":97,"column":53}},"30":{"start":{"line":100,"column":6},"end":{"line":100,"column":62}},"31":{"start":{"line":103,"column":6},"end":{"line":106,"column":8}},"32":{"start":{"line":105,"column":26},"end":{"line":105,"column":63}},"33":{"start":{"line":108,"column":6},"end":{"line":108,"column":25}},"34":{"start":{"line":109,"column":6},"end":{"line":109,"column":42}},"35":{"start":{"line":114,"column":4},"end":{"line":124,"column":5}},"36":{"start":{"line":115,"column":6},"end":{"line":123,"column":7}},"37":{"start":{"line":116,"column":8},"end":{"line":116,"column":74}},"38":{"start":{"line":117,"column":8},"end":{"line":120,"column":43}},"39":{"start":{"line":122,"column":8},"end":{"line":122,"column":27}},"40":{"start":{"line":128,"column":4},"end":{"line":135,"column":5}},"41":{"start":{"line":129,"column":6},"end":{"line":134,"column":7}},"42":{"start":{"line":130,"column":8},"end":{"line":130,"column":54}},"43":{"start":{"line":131,"column":8},"end":{"line":131,"column":72}},"44":{"start":{"line":133,"column":8},"end":{"line":133,"column":27}},"45":{"start":{"line":139,"column":4},"end":{"line":143,"column":5}},"46":{"start":{"line":140,"column":6},"end":{"line":140,"column":62}},"47":{"start":{"line":142,"column":6},"end":{"line":142,"column":42}},"48":{"start":{"line":147,"column":4},"end":{"line":151,"column":5}},"49":{"start":{"line":148,"column":6},"end":{"line":148,"column":63}},"50":{"start":{"line":150,"column":6},"end":{"line":150,"column":42}},"51":{"start":{"line":155,"column":4},"end":{"line":163,"column":5}},"52":{"start":{"line":156,"column":6},"end":{"line":160,"column":9}},"53":{"start":{"line":162,"column":6},"end":{"line":162,"column":25}},"54":{"start":{"line":167,"column":4},"end":{"line":177,"column":5}},"55":{"start":{"line":168,"column":6},"end":{"line":174,"column":9}},"56":{"start":{"line":176,"column":6},"end":{"line":176,"column":25}},"57":{"start":{"line":181,"column":4},"end":{"line":181,"column":29}},"58":{"start":{"line":182,"column":4},"end":{"line":182,"column":42}}},"fnMap":{"0":{"name":"(anonymous_0)","decl":{"start":{"line":17,"column":2},"end":{"line":17,"column":3}},"loc":{"start":{"line":17,"column":16},"end":{"line":19,"column":3}},"line":17},"1":{"name":"(anonymous_1)","decl":{"start":{"line":21,"column":2},"end":{"line":21,"column":3}},"loc":{"start":{"line":21,"column":41},"end":{"line":25,"column":3}},"line":21},"2":{"name":"(anonymous_2)","decl":{"start":{"line":27,"column":2},"end":{"line":27,"column":3}},"loc":{"start":{"line":27,"column":35},"end":{"line":41,"column":3}},"line":27},"3":{"name":"(anonymous_3)","decl":{"start":{"line":39,"column":6},"end":{"line":39,"column":7}},"loc":{"start":{"line":39,"column":18},"end":{"line":39,"column":67}},"line":39},"4":{"name":"(anonymous_4)","decl":{"start":{"line":43,"column":2},"end":{"line":43,"column":3}},"loc":{"start":{"line":43,"column":40},"end":{"line":60,"column":3}},"line":43},"5":{"name":"(anonymous_5)","decl":{"start":{"line":62,"column":2},"end":{"line":62,"column":3}},"loc":{"start":{"line":62,"column":43},"end":{"line":81,"column":3}},"line":62},"6":{"name":"(anonymous_6)","decl":{"start":{"line":83,"column":2},"end":{"line":83,"column":3}},"loc":{"start":{"line":83,"column":47},"end":{"line":93,"column":3}},"line":83},"7":{"name":"(anonymous_7)","decl":{"start":{"line":95,"column":2},"end":{"line":95,"column":3}},"loc":{"start":{"line":95,"column":21},"end":{"line":111,"column":3}},"line":95},"8":{"name":"(anonymous_8)","decl":{"start":{"line":105,"column":8},"end":{"line":105,"column":9}},"loc":{"start":{"line":105,"column":26},"end":{"line":105,"column":63}},"line":105},"9":{"name":"(anonymous_9)","decl":{"start":{"line":113,"column":2},"end":{"line":113,"column":3}},"loc":{"start":{"line":113,"column":43},"end":{"line":125,"column":3}},"line":113},"10":{"name":"(anonymous_10)","decl":{"start":{"line":127,"column":2},"end":{"line":127,"column":3}},"loc":{"start":{"line":127,"column":42},"end":{"line":136,"column":3}},"line":127},"11":{"name":"(anonymous_11)","decl":{"start":{"line":138,"column":2},"end":{"line":138,"column":3}},"loc":{"start":{"line":138,"column":34},"end":{"line":144,"column":3}},"line":138},"12":{"name":"(anonymous_12)","decl":{"start":{"line":146,"column":2},"end":{"line":146,"column":3}},"loc":{"start":{"line":146,"column":27},"end":{"line":152,"column":3}},"line":146},"13":{"name":"(anonymous_13)","decl":{"start":{"line":154,"column":2},"end":{"line":154,"column":3}},"loc":{"start":{"line":154,"column":45},"end":{"line":164,"column":3}},"line":154},"14":{"name":"(anonymous_14)","decl":{"start":{"line":166,"column":2},"end":{"line":166,"column":3}},"loc":{"start":{"line":166,"column":39},"end":{"line":178,"column":3}},"line":166},"15":{"name":"(anonymous_15)","decl":{"start":{"line":180,"column":2},"end":{"line":180,"column":3}},"loc":{"start":{"line":180,"column":41},"end":{"line":183,"column":3}},"line":180}},"branchMap":{"0":{"loc":{"start":{"line":22,"column":4},"end":{"line":24,"column":5}},"type":"if","locations":[{"start":{"line":22,"column":4},"end":{"line":24,"column":5}},{"start":{},"end":{}}],"line":22},"1":{"loc":{"start":{"line":90,"column":4},"end":{"line":92,"column":5}},"type":"if","locations":[{"start":{"line":90,"column":4},"end":{"line":92,"column":5}},{"start":{},"end":{}}],"line":90},"2":{"loc":{"start":{"line":114,"column":4},"end":{"line":124,"column":5}},"type":"if","locations":[{"start":{"line":114,"column":4},"end":{"line":124,"column":5}},{"start":{},"end":{}}],"line":114},"3":{"loc":{"start":{"line":128,"column":4},"end":{"line":135,"column":5}},"type":"if","locations":[{"start":{"line":128,"column":4},"end":{"line":135,"column":5}},{"start":{},"end":{}}],"line":128}},"s":{"0":10,"1":10,"2":1,"3":0,"4":0,"5":0,"6":0,"7":0,"8":0,"9":0,"10":0,"11":0,"12":0,"13":0,"14":0,"15":0,"16":0,"17":0,"18":0,"19":0,"20":0,"21":0,"22":0,"23":0,"24":0,"25":1,"26":1,"27":0,"28":4,"29":4,"30":4,"31":4,"32":0,"33":0,"34":0,"35":0,"36":0,"37":0,"38":0,"39":0,"40":0,"41":0,"42":0,"43":0,"44":0,"45":4,"46":4,"47":0,"48":4,"49":4,"50":0,"51":1,"52":1,"53":0,"54":5,"55":5,"56":0,"57":10,"58":10},"f":{"0":1,"1":0,"2":0,"3":0,"4":0,"5":0,"6":1,"7":4,"8":0,"9":0,"10":0,"11":4,"12":4,"13":1,"14":5,"15":10},"b":{"0":[0,0],"1":[0,1],"2":[0,0],"3":[0,0]},"_coverageSchema":"1a1c01bbd47fc00a2c39e90264f33305004495a9","hash":"66b654ce444427509e846977f4ddc44506d3be48"}
,"/Users/domoncassiu/Desktop/icloud/cmu/course/18652/repo/fse-s24-sb5/utils/Utils.js": {"path":"/Users/domoncassiu/Desktop/icloud/cmu/course/18652/repo/fse-s24-sb5/utils/Utils.js","statementMap":{"0":{"start":{"line":11,"column":19},"end":{"line":11,"column":49}},"1":{"start":{"line":15,"column":28},"end":{"line":18,"column":5}},"2":{"start":{"line":19,"column":4},"end":{"line":19,"column":63}},"3":{"start":{"line":20,"column":18},"end":{"line":20,"column":52}},"4":{"start":{"line":21,"column":28},"end":{"line":21,"column":30}},"5":{"start":{"line":23,"column":4},"end":{"line":30,"column":7}},"6":{"start":{"line":24,"column":20},"end":{"line":24,"column":42}},"7":{"start":{"line":25,"column":6},"end":{"line":29,"column":9}},"8":{"start":{"line":26,"column":8},"end":{"line":28,"column":9}},"9":{"start":{"line":27,"column":10},"end":{"line":27,"column":39}},"10":{"start":{"line":31,"column":4},"end":{"line":31,"column":29}},"11":{"start":{"line":34,"column":25},"end":{"line":34,"column":74}},"12":{"start":{"line":35,"column":29},"end":{"line":35,"column":74}},"13":{"start":{"line":38,"column":4},"end":{"line":41,"column":7}},"14":{"start":{"line":39,"column":6},"end":{"line":39,"column":57}},"15":{"start":{"line":39,"column":45},"end":{"line":39,"column":57}},"16":{"start":{"line":40,"column":6},"end":{"line":40,"column":19}},"17":{"start":{"line":48,"column":4},"end":{"line":50,"column":5}},"18":{"start":{"line":49,"column":6},"end":{"line":49,"column":70}},"19":{"start":{"line":53,"column":4},"end":{"line":55,"column":5}},"20":{"start":{"line":54,"column":6},"end":{"line":54,"column":76}},"21":{"start":{"line":57,"column":4},"end":{"line":59,"column":5}},"22":{"start":{"line":58,"column":6},"end":{"line":58,"column":76}},"23":{"start":{"line":62,"column":4},"end":{"line":64,"column":5}},"24":{"start":{"line":63,"column":6},"end":{"line":63,"column":52}},"25":{"start":{"line":65,"column":4},"end":{"line":67,"column":5}},"26":{"start":{"line":66,"column":6},"end":{"line":66,"column":52}},"27":{"start":{"line":71,"column":4},"end":{"line":76,"column":5}},"28":{"start":{"line":72,"column":6},"end":{"line":72,"column":60}},"29":{"start":{"line":74,"column":6},"end":{"line":74,"column":27}},"30":{"start":{"line":75,"column":6},"end":{"line":75,"column":73}},"31":{"start":{"line":80,"column":15},"end":{"line":80,"column":16}},"32":{"start":{"line":81,"column":19},"end":{"line":81,"column":21}},"33":{"start":{"line":82,"column":20},"end":{"line":82,"column":24}},"34":{"start":{"line":83,"column":17},"end":{"line":83,"column":42}},"35":{"start":{"line":84,"column":4},"end":{"line":90,"column":5}},"36":{"start":{"line":85,"column":6},"end":{"line":85,"column":43}},"37":{"start":{"line":86,"column":6},"end":{"line":86,"column":53}},"38":{"start":{"line":87,"column":6},"end":{"line":87,"column":49}},"39":{"start":{"line":89,"column":6},"end":{"line":89,"column":36}},"40":{"start":{"line":92,"column":4},"end":{"line":92,"column":49}},"41":{"start":{"line":96,"column":29},"end":{"line":96,"column":66}},"42":{"start":{"line":97,"column":26},"end":{"line":100,"column":16}},"43":{"start":{"line":99,"column":24},"end":{"line":99,"column":56}},"44":{"start":{"line":101,"column":4},"end":{"line":101,"column":25}}},"fnMap":{"0":{"name":"(anonymous_0)","decl":{"start":{"line":14,"column":2},"end":{"line":14,"column":3}},"loc":{"start":{"line":14,"column":28},"end":{"line":32,"column":3}},"line":14},"1":{"name":"(anonymous_1)","decl":{"start":{"line":23,"column":18},"end":{"line":23,"column":19}},"loc":{"start":{"line":23,"column":28},"end":{"line":30,"column":5}},"line":23},"2":{"name":"(anonymous_2)","decl":{"start":{"line":25,"column":20},"end":{"line":25,"column":21}},"loc":{"start":{"line":25,"column":30},"end":{"line":29,"column":7}},"line":25},"3":{"name":"(anonymous_3)","decl":{"start":{"line":37,"column":2},"end":{"line":37,"column":3}},"loc":{"start":{"line":37,"column":30},"end":{"line":42,"column":3}},"line":37},"4":{"name":"(anonymous_4)","decl":{"start":{"line":38,"column":22},"end":{"line":38,"column":23}},"loc":{"start":{"line":38,"column":32},"end":{"line":41,"column":5}},"line":38},"5":{"name":"(anonymous_5)","decl":{"start":{"line":44,"column":2},"end":{"line":44,"column":3}},"loc":{"start":{"line":44,"column":54},"end":{"line":68,"column":3}},"line":44},"6":{"name":"(anonymous_6)","decl":{"start":{"line":70,"column":2},"end":{"line":70,"column":3}},"loc":{"start":{"line":70,"column":33},"end":{"line":77,"column":3}},"line":70},"7":{"name":"(anonymous_7)","decl":{"start":{"line":79,"column":2},"end":{"line":79,"column":3}},"loc":{"start":{"line":79,"column":32},"end":{"line":93,"column":3}},"line":79},"8":{"name":"(anonymous_8)","decl":{"start":{"line":95,"column":2},"end":{"line":95,"column":3}},"loc":{"start":{"line":95,"column":37},"end":{"line":102,"column":3}},"line":95},"9":{"name":"(anonymous_9)","decl":{"start":{"line":99,"column":14},"end":{"line":99,"column":15}},"loc":{"start":{"line":99,"column":24},"end":{"line":99,"column":56}},"line":99}},"branchMap":{"0":{"loc":{"start":{"line":26,"column":8},"end":{"line":28,"column":9}},"type":"if","locations":[{"start":{"line":26,"column":8},"end":{"line":28,"column":9}},{"start":{},"end":{}}],"line":26},"1":{"loc":{"start":{"line":39,"column":6},"end":{"line":39,"column":57}},"type":"if","locations":[{"start":{"line":39,"column":6},"end":{"line":39,"column":57}},{"start":{},"end":{}}],"line":39},"2":{"loc":{"start":{"line":39,"column":10},"end":{"line":39,"column":43}},"type":"binary-expr","locations":[{"start":{"line":39,"column":10},"end":{"line":39,"column":28}},{"start":{"line":39,"column":32},"end":{"line":39,"column":43}}],"line":39},"3":{"loc":{"start":{"line":48,"column":4},"end":{"line":50,"column":5}},"type":"if","locations":[{"start":{"line":48,"column":4},"end":{"line":50,"column":5}},{"start":{},"end":{}}],"line":48},"4":{"loc":{"start":{"line":48,"column":8},"end":{"line":48,"column":30}},"type":"binary-expr","locations":[{"start":{"line":48,"column":8},"end":{"line":48,"column":17}},{"start":{"line":48,"column":21},"end":{"line":48,"column":30}}],"line":48},"5":{"loc":{"start":{"line":53,"column":4},"end":{"line":55,"column":5}},"type":"if","locations":[{"start":{"line":53,"column":4},"end":{"line":55,"column":5}},{"start":{},"end":{}}],"line":53},"6":{"loc":{"start":{"line":57,"column":4},"end":{"line":59,"column":5}},"type":"if","locations":[{"start":{"line":57,"column":4},"end":{"line":59,"column":5}},{"start":{},"end":{}}],"line":57},"7":{"loc":{"start":{"line":62,"column":4},"end":{"line":64,"column":5}},"type":"if","locations":[{"start":{"line":62,"column":4},"end":{"line":64,"column":5}},{"start":{},"end":{}}],"line":62},"8":{"loc":{"start":{"line":62,"column":8},"end":{"line":62,"column":53}},"type":"binary-expr","locations":[{"start":{"line":62,"column":8},"end":{"line":62,"column":30}},{"start":{"line":62,"column":34},"end":{"line":62,"column":53}}],"line":62},"9":{"loc":{"start":{"line":65,"column":4},"end":{"line":67,"column":5}},"type":"if","locations":[{"start":{"line":65,"column":4},"end":{"line":67,"column":5}},{"start":{},"end":{}}],"line":65},"10":{"loc":{"start":{"line":71,"column":4},"end":{"line":76,"column":5}},"type":"if","locations":[{"start":{"line":71,"column":4},"end":{"line":76,"column":5}},{"start":{"line":73,"column":11},"end":{"line":76,"column":5}}],"line":71},"11":{"loc":{"start":{"line":85,"column":22},"end":{"line":85,"column":41}},"type":"binary-expr","locations":[{"start":{"line":85,"column":22},"end":{"line":85,"column":36}},{"start":{"line":85,"column":40},"end":{"line":85,"column":41}}],"line":85},"12":{"loc":{"start":{"line":86,"column":26},"end":{"line":86,"column":51}},"type":"binary-expr","locations":[{"start":{"line":86,"column":26},"end":{"line":86,"column":44}},{"start":{"line":86,"column":48},"end":{"line":86,"column":51}}],"line":86}},"s":{"0":6,"1":12,"2":12,"3":12,"4":12,"5":12,"6":384,"7":384,"8":2004,"9":2004,"10":12,"11":6,"12":6,"13":5,"14":1553,"15":2,"16":1551,"17":11,"18":2,"19":9,"20":1,"21":8,"22":1,"23":7,"24":2,"25":5,"26":2,"27":2,"28":0,"29":2,"30":2,"31":1,"32":1,"33":1,"34":1,"35":1,"36":1,"37":1,"38":1,"39":0,"40":1,"41":10,"42":10,"43":14,"44":10},"f":{"0":12,"1":384,"2":2004,"3":5,"4":1553,"5":11,"6":2,"7":1,"8":10,"9":14},"b":{"0":[2004,0],"1":[2,1551],"2":[1553,107],"3":[2,9],"4":[11,10],"5":[1,8],"6":[1,7],"7":[2,5],"8":[7,6],"9":[2,3],"10":[0,2],"11":[1,1],"12":[1,1]},"_coverageSchema":"1a1c01bbd47fc00a2c39e90264f33305004495a9","hash":"8ed2be1d16858c023283786f344debfb8317005f"}
}
