TN:
SF:app.js
FN:52,(anonymous_0)
FN:57,(anonymous_1)
FNF:2
FNH:0
FNDA:0,(anonymous_0)
FNDA:0,(anonymous_1)
DA:21,4
DA:22,4
DA:24,4
DA:28,4
DA:29,4
DA:31,4
DA:32,4
DA:33,4
DA:34,4
DA:35,4
DA:37,4
DA:39,4
DA:40,4
DA:41,4
DA:42,4
DA:43,4
DA:44,4
DA:45,4
DA:46,4
DA:49,4
DA:52,4
DA:53,0
DA:57,4
DA:59,0
DA:60,0
DA:63,0
DA:64,0
LF:27
LH:22
BRDA:60,0,0,0
BRDA:60,0,1,0
BRDA:63,1,0,0
BRDA:63,1,1,0
BRF:4
BRH:0
end_of_record
TN:
SF:secrets.js
FNF:0
FNH:0
DA:1,21
LF:1
LH:1
BRF:0
BRH:0
end_of_record
TN:
SF:bin/ModeEnum.js
FNF:0
FNH:0
DA:1,18
LF:1
LH:1
BRF:0
BRH:0
end_of_record
TN:
SF:bin/State.js
FN:7,(anonymous_0)
FN:24,(anonymous_1)
FN:34,(anonymous_2)
FN:52,(anonymous_3)
FNF:4
FNH:4
FNDA:11,(anonymous_0)
FNDA:4,(anonymous_1)
FNDA:16,(anonymous_2)
FNDA:133,(anonymous_3)
DA:8,11
DA:10,6
DA:11,6
DA:12,6
DA:13,6
DA:15,5
DA:16,5
DA:17,5
DA:18,5
DA:25,4
DA:26,4
DA:31,4
DA:35,16
DA:36,16
DA:37,16
DA:47,16
DA:48,16
DA:51,18
DA:53,133
DA:54,16
DA:56,133
LF:21
LH:21
BRDA:8,0,0,6
BRDA:8,0,1,5
BRDA:8,0,2,0
BRDA:53,1,0,16
BRDA:53,1,1,117
BRDA:53,2,0,133
BRDA:53,2,1,117
BRF:7
BRH:6
end_of_record
TN:
SF:clients/AbstractDBClient.js
FN:2,(anonymous_0)
FN:10,(anonymous_1)
FN:16,(anonymous_2)
FN:22,(anonymous_3)
FN:28,(anonymous_4)
FN:34,(anonymous_5)
FN:40,(anonymous_6)
FN:46,(anonymous_7)
FN:52,(anonymous_8)
FN:58,(anonymous_9)
FNF:10
FNH:1
FNDA:30,(anonymous_0)
FNDA:0,(anonymous_1)
FNDA:0,(anonymous_2)
FNDA:0,(anonymous_3)
FNDA:0,(anonymous_4)
FNDA:0,(anonymous_5)
FNDA:0,(anonymous_6)
FNDA:0,(anonymous_7)
FNDA:0,(anonymous_8)
FNDA:0,(anonymous_9)
DA:3,30
DA:4,0
DA:11,0
DA:17,0
DA:23,0
DA:29,0
DA:35,0
DA:41,0
DA:47,0
DA:53,0
DA:59,0
LF:11
LH:1
BRDA:3,0,0,0
BRDA:3,0,1,30
BRF:2
BRH:1
end_of_record
TN:
SF:clients/MongooseDBClient.js
FN:31,(anonymous_0)
FN:35,(anonymous_1)
FN:60,(anonymous_2)
FN:68,(anonymous_3)
FN:82,(anonymous_4)
FN:95,(anonymous_5)
FN:108,(anonymous_6)
FN:122,(anonymous_7)
FN:135,(anonymous_8)
FN:144,(anonymous_9)
FN:162,(anonymous_10)
FN:176,(anonymous_11)
FN:183,(anonymous_12)
FNF:13
FNH:2
FNDA:16,(anonymous_0)
FNDA:0,(anonymous_1)
FNDA:0,(anonymous_2)
FNDA:0,(anonymous_3)
FNDA:0,(anonymous_4)
FNDA:0,(anonymous_5)
FNDA:0,(anonymous_6)
FNDA:0,(anonymous_7)
FNDA:0,(anonymous_8)
FNDA:0,(anonymous_9)
FNDA:0,(anonymous_10)
FNDA:21,(anonymous_11)
FNDA:0,(anonymous_12)
DA:18,18
DA:19,18
DA:20,18
DA:21,18
DA:32,16
DA:36,0
DA:37,0
DA:43,0
DA:48,0
DA:51,0
DA:52,0
DA:53,0
DA:55,0
DA:56,0
DA:61,0
DA:62,0
DA:69,0
DA:70,0
DA:74,0
DA:75,0
DA:77,0
DA:78,0
DA:83,0
DA:84,0
DA:88,0
DA:89,0
DA:91,0
DA:96,0
DA:97,0
DA:101,0
DA:102,0
DA:104,0
DA:109,0
DA:110,0
DA:114,0
DA:115,0
DA:117,0
DA:118,0
DA:123,0
DA:124,0
DA:128,0
DA:129,0
DA:131,0
DA:136,0
DA:140,0
DA:141,0
DA:145,0
DA:146,0
DA:150,0
DA:151,0
DA:157,0
DA:158,0
DA:163,0
DA:164,0
DA:168,0
DA:169,0
DA:170,0
DA:172,0
DA:177,21
DA:178,16
DA:180,21
DA:184,0
LF:62
LH:8
BRDA:108,0,0,0
BRDA:122,1,0,0
BRDA:122,2,0,0
BRDA:144,3,0,0
BRDA:144,4,0,0
BRDA:177,5,0,16
BRDA:177,5,1,5
BRF:7
BRH:2
end_of_record
TN:
SF:clients/SchemaEnum.js
FNF:0
FNH:0
DA:1,21
LF:1
LH:1
BRF:0
BRH:0
end_of_record
TN:
SF:clients/SchemaMap.js
FN:40,getSchemaForType
FNF:1
FNH:1
FNDA:46,getSchemaForType
DA:14,21
DA:41,46
DA:42,46
DA:43,0
DA:45,46
LF:5
LH:4
BRDA:42,0,0,0
BRDA:42,0,1,46
BRF:2
BRH:1
end_of_record
TN:
SF:clients/TestDBClient.js
FN:30,(anonymous_0)
FN:34,(anonymous_1)
FN:53,(anonymous_2)
FN:62,(anonymous_3)
FN:75,(anonymous_4)
FN:88,(anonymous_5)
FN:101,(anonymous_6)
FN:114,(anonymous_7)
FN:120,(anonymous_8)
FN:137,(anonymous_9)
FN:150,(anonymous_10)
FN:163,(anonymous_11)
FNF:12
FNH:12
FNDA:14,(anonymous_0)
FNDA:5,(anonymous_1)
FNDA:5,(anonymous_2)
FNDA:10,(anonymous_3)
FNDA:4,(anonymous_4)
FNDA:1,(anonymous_5)
FNDA:8,(anonymous_6)
FNDA:2,(anonymous_7)
FNDA:17,(anonymous_8)
FNDA:1,(anonymous_9)
FNDA:4,(anonymous_10)
FNDA:46,(anonymous_11)
DA:17,21
DA:18,21
DA:19,21
DA:20,21
DA:31,14
DA:35,5
DA:36,5
DA:41,5
DA:44,5
DA:45,5
DA:46,5
DA:48,0
DA:49,0
DA:54,5
DA:55,5
DA:56,5
DA:63,10
DA:64,10
DA:68,10
DA:69,10
DA:71,1
DA:76,4
DA:77,4
DA:81,4
DA:82,4
DA:84,0
DA:89,1
DA:90,1
DA:94,1
DA:95,1
DA:97,0
DA:102,8
DA:103,8
DA:107,8
DA:108,8
DA:110,0
DA:115,2
DA:116,2
DA:117,2
DA:121,17
DA:122,17
DA:126,17
DA:127,17
DA:133,0
DA:138,1
DA:139,1
DA:143,0
DA:144,0
DA:146,1
DA:151,4
DA:152,4
DA:156,4
DA:157,4
DA:159,0
DA:164,46
DA:165,14
DA:167,46
LF:57
LH:48
BRDA:88,0,0,0
BRDA:101,1,0,0
BRDA:101,2,0,8
BRDA:120,3,0,0
BRDA:120,4,0,0
BRDA:164,5,0,14
BRDA:164,5,1,32
BRF:7
BRH:3
end_of_record
TN:
SF:controllers/AnnouncementController.js
FN:7,(anonymous_0)
FN:11,(anonymous_1)
FN:12,(anonymous_2)
FN:29,(anonymous_3)
FN:30,(anonymous_4)
FNF:5
FNH:5
FNDA:3,(anonymous_0)
FNDA:2,(anonymous_1)
FNDA:2,(anonymous_2)
FNDA:2,(anonymous_3)
FNDA:2,(anonymous_4)
DA:8,3
DA:12,2
DA:13,2
DA:14,2
DA:21,2
DA:23,0
DA:24,0
DA:30,2
DA:31,2
DA:32,2
DA:39,2
DA:42,2
DA:43,2
DA:45,0
DA:46,0
LF:15
LH:11
BRF:0
BRH:0
end_of_record
TN:
SF:controllers/EsnTestController.js
FN:5,(anonymous_0)
FN:12,(anonymous_1)
FNF:2
FNH:2
FNDA:5,(anonymous_0)
FNDA:5,(anonymous_1)
DA:6,5
DA:9,5
DA:13,5
DA:14,5
DA:15,5
DA:18,0
DA:21,5
DA:24,5
LF:8
LH:7
BRDA:14,0,0,5
BRDA:14,0,1,0
BRF:2
BRH:1
end_of_record
TN:
SF:controllers/LoginController.js
FN:11,(anonymous_0)
FN:15,(anonymous_1)
FN:16,(anonymous_2)
FN:35,(anonymous_3)
FN:39,(anonymous_4)
FN:47,(anonymous_5)
FN:64,(anonymous_6)
FN:72,(anonymous_7)
FN:78,(anonymous_8)
FN:100,(anonymous_9)
FN:116,(anonymous_10)
FNF:11
FNH:11
FNDA:1,(anonymous_0)
FNDA:4,(anonymous_1)
FNDA:4,(anonymous_2)
FNDA:1,(anonymous_3)
FNDA:1,(anonymous_4)
FNDA:1,(anonymous_5)
FNDA:1,(anonymous_6)
FNDA:1,(anonymous_7)
FNDA:1,(anonymous_8)
FNDA:1,(anonymous_9)
FNDA:1,(anonymous_10)
DA:12,1
DA:16,4
DA:17,4
DA:18,4
DA:19,3
DA:30,1
DA:36,1
DA:37,0
DA:39,1
DA:40,1
DA:42,1
DA:43,1
DA:44,1
DA:48,1
DA:49,0
DA:50,1
DA:51,0
DA:52,0
DA:54,1
DA:59,0
DA:65,1
DA:66,0
DA:68,1
DA:69,1
DA:72,1
DA:73,1
DA:75,1
DA:79,1
DA:80,0
DA:81,0
DA:83,1
DA:88,1
DA:89,1
DA:97,0
DA:101,1
DA:102,1
DA:107,1
DA:109,1
DA:110,1
DA:112,0
DA:117,1
DA:118,1
DA:123,1
DA:124,1
DA:125,1
DA:127,0
LF:46
LH:35
BRDA:36,0,0,0
BRDA:36,0,1,1
BRDA:48,1,0,0
BRDA:48,1,1,1
BRDA:50,2,0,0
BRDA:50,2,1,1
BRDA:65,3,0,0
BRDA:65,3,1,1
BRDA:79,4,0,0
BRDA:79,4,1,1
BRF:10
BRH:5
end_of_record
TN:
SF:controllers/PrivateChatController.js
FN:13,(anonymous_0)
FN:17,(anonymous_1)
FN:18,(anonymous_2)
FN:39,(anonymous_3)
FN:54,(anonymous_4)
FN:61,(anonymous_5)
FN:85,(anonymous_6)
FN:91,(anonymous_7)
FN:105,(anonymous_8)
FN:108,(anonymous_9)
FN:112,(anonymous_10)
FN:115,(anonymous_11)
FN:119,(anonymous_12)
FN:122,(anonymous_13)
FN:131,(anonymous_14)
FN:134,(anonymous_15)
FN:139,(anonymous_16)
FN:142,(anonymous_17)
FN:150,(anonymous_18)
FN:153,(anonymous_19)
FN:167,(anonymous_20)
FN:173,(anonymous_21)
FN:191,(anonymous_22)
FN:199,(anonymous_23)
FN:210,(anonymous_24)
FNF:25
FNH:20
FNDA:5,(anonymous_0)
FNDA:1,(anonymous_1)
FNDA:1,(anonymous_2)
FNDA:2,(anonymous_3)
FNDA:1,(anonymous_4)
FNDA:1,(anonymous_5)
FNDA:1,(anonymous_6)
FNDA:1,(anonymous_7)
FNDA:1,(anonymous_8)
FNDA:1,(anonymous_9)
FNDA:0,(anonymous_10)
FNDA:1,(anonymous_11)
FNDA:0,(anonymous_12)
FNDA:1,(anonymous_13)
FNDA:0,(anonymous_14)
FNDA:0,(anonymous_15)
FNDA:2,(anonymous_16)
FNDA:0,(anonymous_17)
FNDA:2,(anonymous_18)
FNDA:2,(anonymous_19)
FNDA:1,(anonymous_20)
FNDA:1,(anonymous_21)
FNDA:1,(anonymous_22)
FNDA:2,(anonymous_23)
FNDA:1,(anonymous_24)
DA:14,5
DA:18,1
DA:19,1
DA:21,1
DA:32,1
DA:37,1
DA:38,1
DA:39,2
DA:41,1
DA:42,1
DA:45,1
DA:46,1
DA:48,0
DA:49,0
DA:61,1
DA:62,1
DA:63,1
DA:69,1
DA:77,1
DA:79,0
DA:80,0
DA:91,1
DA:92,1
DA:93,1
DA:96,1
DA:104,1
DA:105,1
DA:107,1
DA:108,1
DA:111,1
DA:112,0
DA:114,1
DA:115,1
DA:118,1
DA:119,0
DA:121,1
DA:122,1
DA:125,1
DA:128,1
DA:131,1
DA:132,0
DA:133,0
DA:134,0
DA:138,1
DA:139,2
DA:141,1
DA:142,0
DA:144,1
DA:150,1
DA:151,2
DA:153,1
DA:154,2
DA:156,1
DA:161,0
DA:162,0
DA:173,1
DA:174,1
DA:175,1
DA:179,1
DA:180,1
DA:183,1
DA:190,1
DA:191,1
DA:193,1
DA:199,1
DA:200,2
DA:202,1
DA:204,0
DA:205,0
DA:211,1
DA:212,1
DA:213,1
DA:223,1
DA:228,1
DA:232,1
DA:234,0
LF:76
LH:61
BRDA:132,0,0,0
BRDA:132,0,1,0
BRF:2
BRH:0
end_of_record
TN:
SF:controllers/PublicChatController.js
FN:9,(anonymous_0)
FN:13,(anonymous_1)
FN:14,(anonymous_2)
FN:53,(anonymous_3)
FN:54,(anonymous_4)
FNF:5
FNH:5
FNDA:1,(anonymous_0)
FNDA:1,(anonymous_1)
FNDA:1,(anonymous_2)
FNDA:1,(anonymous_3)
FNDA:1,(anonymous_4)
DA:10,1
DA:14,1
DA:15,1
DA:17,1
DA:18,0
DA:28,1
DA:40,1
DA:41,1
DA:44,1
DA:45,1
DA:47,0
DA:48,0
DA:54,1
DA:55,1
DA:56,1
DA:63,1
DA:65,0
DA:66,0
LF:18
LH:13
BRDA:17,0,0,0
BRDA:17,0,1,1
BRF:2
BRH:1
end_of_record
TN:
SF:controllers/SearchController.js
FN:10,(anonymous_0)
FN:14,(anonymous_1)
FN:15,(anonymous_2)
FN:36,(anonymous_3)
FN:37,(anonymous_4)
FN:52,(anonymous_5)
FN:53,(anonymous_6)
FN:79,(anonymous_7)
FN:80,(anonymous_8)
FN:106,(anonymous_9)
FN:107,(anonymous_10)
FN:128,(anonymous_11)
FN:130,(anonymous_12)
FNF:13
FNH:13
FNDA:6,(anonymous_0)
FNDA:3,(anonymous_1)
FNDA:3,(anonymous_2)
FNDA:2,(anonymous_3)
FNDA:2,(anonymous_4)
FNDA:3,(anonymous_5)
FNDA:3,(anonymous_6)
FNDA:2,(anonymous_7)
FNDA:2,(anonymous_8)
FNDA:2,(anonymous_9)
FNDA:2,(anonymous_10)
FNDA:3,(anonymous_11)
FNDA:3,(anonymous_12)
DA:11,6
DA:15,3
DA:16,3
DA:17,3
DA:18,3
DA:19,3
DA:20,3
DA:28,3
DA:30,0
DA:31,0
DA:37,2
DA:38,2
DA:39,2
DA:44,2
DA:46,0
DA:47,0
DA:53,3
DA:54,3
DA:55,3
DA:56,3
DA:61,3
DA:62,3
DA:63,3
DA:71,3
DA:73,0
DA:74,0
DA:80,2
DA:81,2
DA:82,2
DA:83,2
DA:88,2
DA:89,2
DA:90,2
DA:98,2
DA:100,0
DA:101,0
DA:107,2
DA:108,2
DA:109,2
DA:110,2
DA:111,2
DA:112,2
DA:120,2
DA:122,0
DA:123,0
DA:129,3
DA:130,3
DA:131,3
DA:132,3
DA:147,3
DA:148,3
DA:149,3
DA:157,3
DA:159,0
DA:160,0
LF:55
LH:43
BRF:0
BRH:0
end_of_record
TN:
SF:controllers/ShelterController.js
FN:7,(anonymous_0)
FN:11,(anonymous_1)
FN:12,(anonymous_2)
FN:34,(anonymous_3)
FN:35,(anonymous_4)
FN:59,(anonymous_5)
FN:60,(anonymous_6)
FN:83,(anonymous_7)
FN:84,(anonymous_8)
FNF:9
FNH:9
FNDA:9,(anonymous_0)
FNDA:5,(anonymous_1)
FNDA:5,(anonymous_2)
FNDA:4,(anonymous_3)
FNDA:4,(anonymous_4)
FNDA:2,(anonymous_5)
FNDA:2,(anonymous_6)
FNDA:2,(anonymous_7)
FNDA:2,(anonymous_8)
DA:8,9
DA:12,5
DA:13,5
DA:14,5
DA:15,5
DA:16,4
DA:18,5
DA:26,4
DA:28,1
DA:29,1
DA:35,4
DA:36,4
DA:37,4
DA:38,4
DA:47,4
DA:48,2
DA:51,2
DA:53,2
DA:54,2
DA:60,2
DA:61,2
DA:62,2
DA:71,2
DA:72,1
DA:75,1
DA:77,1
DA:78,1
DA:84,2
DA:85,2
DA:86,2
DA:95,2
DA:98,2
DA:99,2
DA:101,0
DA:102,0
LF:35
LH:33
BRDA:15,0,0,4
BRDA:15,0,1,1
BRF:2
BRH:2
end_of_record
TN:
SF:controllers/UserController.js
FN:7,(anonymous_0)
FN:11,(anonymous_1)
FN:12,(anonymous_2)
FN:28,(anonymous_3)
FN:29,(anonymous_4)
FN:43,(anonymous_5)
FN:44,(anonymous_6)
FNF:7
FNH:7
FNDA:5,(anonymous_0)
FNDA:1,(anonymous_1)
FNDA:1,(anonymous_2)
FNDA:2,(anonymous_3)
FNDA:2,(anonymous_4)
FNDA:2,(anonymous_5)
FNDA:2,(anonymous_6)
DA:8,5
DA:12,1
DA:13,1
DA:14,1
DA:20,1
DA:22,0
DA:23,0
DA:29,2
DA:30,2
DA:31,2
DA:35,2
DA:37,0
DA:38,0
DA:44,2
DA:45,2
DA:46,2
DA:52,2
DA:54,2
DA:58,2
DA:60,0
DA:61,0
LF:21
LH:15
BRF:0
BRH:0
end_of_record
TN:
SF:dao/AnnouncementDAO.js
FN:5,(anonymous_0)
FN:9,(anonymous_1)
FN:19,(anonymous_2)
FNF:3
FNH:3
FNDA:12,(anonymous_0)
FNDA:4,(anonymous_1)
FNDA:2,(anonymous_2)
DA:6,12
DA:10,4
DA:20,2
LF:3
LH:3
BRF:0
BRH:0
end_of_record
TN:
SF:dao/DAO.js
FN:2,(anonymous_0)
FN:14,(anonymous_1)
FN:20,(anonymous_2)
FN:26,(anonymous_3)
FN:32,(anonymous_4)
FN:38,(anonymous_5)
FNF:6
FNH:1
FNDA:98,(anonymous_0)
FNDA:0,(anonymous_1)
FNDA:0,(anonymous_2)
FNDA:0,(anonymous_3)
FNDA:0,(anonymous_4)
FNDA:0,(anonymous_5)
DA:3,98
DA:4,0
DA:8,98
DA:9,0
DA:11,98
DA:15,0
DA:21,0
DA:27,0
DA:33,0
DA:39,0
LF:10
LH:3
BRDA:3,0,0,0
BRDA:3,0,1,98
BRDA:8,1,0,0
BRDA:8,1,1,98
BRF:4
BRH:2
end_of_record
TN:
SF:dao/OnlineStatusDAO.js
FN:5,(anonymous_0)
FN:9,(anonymous_1)
FN:13,(anonymous_2)
FN:17,(anonymous_3)
FN:26,(anonymous_4)
FN:35,(anonymous_5)
FNF:6
FNH:3
FNDA:12,(anonymous_0)
FNDA:0,(anonymous_1)
FNDA:0,(anonymous_2)
FNDA:5,(anonymous_3)
FNDA:2,(anonymous_4)
FNDA:0,(anonymous_5)
DA:6,12
DA:10,0
DA:14,0
DA:18,5
DA:27,2
DA:36,0
LF:6
LH:3
BRF:0
BRH:0
end_of_record
TN:
SF:dao/PrivateMessageDAO.js
FN:5,(anonymous_0)
FN:9,(anonymous_1)
FN:13,(anonymous_2)
FN:17,(anonymous_3)
FN:25,(anonymous_4)
FN:35,(anonymous_5)
FN:44,(anonymous_6)
FN:54,(anonymous_7)
FNF:8
FNH:3
FNDA:11,(anonymous_0)
FNDA:2,(anonymous_1)
FNDA:0,(anonymous_2)
FNDA:0,(anonymous_3)
FNDA:3,(anonymous_4)
FNDA:0,(anonymous_5)
FNDA:0,(anonymous_6)
FNDA:0,(anonymous_7)
DA:6,11
DA:10,2
DA:14,0
DA:18,0
DA:26,3
DA:36,0
DA:45,0
DA:55,0
LF:8
LH:3
BRF:0
BRH:0
end_of_record
TN:
SF:dao/PublicMessageDAO.js
FN:5,(anonymous_0)
FN:9,(anonymous_1)
FN:13,(anonymous_2)
FN:17,(anonymous_3)
FN:25,(anonymous_4)
FN:35,(anonymous_5)
FN:45,(anonymous_6)
FNF:7
FNH:3
FNDA:8,(anonymous_0)
FNDA:1,(anonymous_1)
FNDA:0,(anonymous_2)
FNDA:0,(anonymous_3)
FNDA:2,(anonymous_4)
FNDA:0,(anonymous_5)
FNDA:0,(anonymous_6)
DA:6,8
DA:10,1
DA:14,0
DA:18,0
DA:26,2
DA:36,0
DA:46,0
LF:7
LH:3
BRF:0
BRH:0
end_of_record
TN:
SF:dao/SafetyStatesDAO.js
FN:7,(anonymous_0)
FN:11,(anonymous_1)
FN:18,(anonymous_2)
FN:22,(anonymous_3)
FN:26,(anonymous_4)
FN:35,(anonymous_5)
FN:42,(anonymous_6)
FN:52,(anonymous_7)
FN:61,(anonymous_8)
FNF:9
FNH:6
FNDA:20,(anonymous_0)
FNDA:0,(anonymous_1)
FNDA:3,(anonymous_2)
FNDA:1,(anonymous_3)
FNDA:3,(anonymous_4)
FNDA:2,(anonymous_5)
FNDA:2,(anonymous_6)
FNDA:0,(anonymous_7)
FNDA:0,(anonymous_8)
DA:8,20
DA:12,0
DA:13,0
DA:15,0
DA:19,3
DA:23,1
DA:27,3
DA:36,2
DA:43,2
DA:53,0
DA:62,0
LF:11
LH:6
BRDA:12,0,0,0
BRDA:12,0,1,0
BRF:2
BRH:0
end_of_record
TN:
SF:dao/ShelterDAO.js
FN:5,(anonymous_0)
FN:9,(anonymous_1)
FN:13,(anonymous_2)
FN:23,(anonymous_3)
FN:27,(anonymous_4)
FNF:5
FNH:5
FNDA:19,(anonymous_0)
FNDA:2,(anonymous_1)
FNDA:3,(anonymous_2)
FNDA:1,(anonymous_3)
FNDA:2,(anonymous_4)
DA:6,19
DA:10,2
DA:14,3
DA:24,1
DA:28,2
DA:29,2
DA:41,0
LF:7
LH:6
BRF:0
BRH:0
end_of_record
TN:
SF:dao/UserDAO.js
FN:5,(anonymous_0)
FN:9,(anonymous_1)
FN:13,(anonymous_2)
FN:17,(anonymous_3)
FN:21,(anonymous_4)
FN:31,(anonymous_5)
FN:35,(anonymous_6)
FNF:7
FNH:3
FNDA:15,(anonymous_0)
FNDA:2,(anonymous_1)
FNDA:0,(anonymous_2)
FNDA:0,(anonymous_3)
FNDA:3,(anonymous_4)
FNDA:0,(anonymous_5)
FNDA:0,(anonymous_6)
DA:6,15
DA:10,2
DA:14,0
DA:18,0
DA:22,3
DA:32,0
DA:36,0
LF:7
LH:3
BRF:0
BRH:0
end_of_record
TN:
SF:dao/UserSocketDAO.js
FN:5,(anonymous_0)
FN:9,(anonymous_1)
FN:13,(anonymous_2)
FN:16,(anonymous_3)
FN:20,(anonymous_4)
FNF:5
FNH:1
FNDA:1,(anonymous_0)
FNDA:0,(anonymous_1)
FNDA:0,(anonymous_2)
FNDA:0,(anonymous_3)
FNDA:0,(anonymous_4)
DA:6,1
DA:10,0
DA:14,0
DA:17,0
DA:21,0
LF:5
LH:1
BRF:0
BRH:0
end_of_record
TN:
SF:exceptions/DatabaseError.js
FN:5,(anonymous_0)
FNF:1
FNH:1
FNDA:18,(anonymous_0)
DA:4,18
DA:6,18
LF:2
LH:2
BRF:0
BRH:0
end_of_record
TN:
SF:exceptions/ForbiddenError.js
FN:5,(anonymous_0)
FNF:1
FNH:0
FNDA:0,(anonymous_0)
DA:4,0
DA:6,0
LF:2
LH:0
BRF:0
BRH:0
end_of_record
TN:
SF:exceptions/HandledError.js
FN:2,(anonymous_0)
FNF:1
FNH:1
FNDA:36,(anonymous_0)
DA:3,36
LF:1
LH:1
BRF:0
BRH:0
end_of_record
TN:
SF:exceptions/InternalServerError.js
FN:3,(anonymous_0)
FNF:1
FNH:1
FNDA:6,(anonymous_0)
DA:2,6
DA:4,6
LF:2
LH:2
BRF:0
BRH:0
end_of_record
TN:
SF:exceptions/InvalidEntryError.js
FN:5,(anonymous_0)
FNF:1
FNH:1
FNDA:2,(anonymous_0)
DA:4,2
DA:6,2
LF:2
LH:2
BRF:0
BRH:0
end_of_record
TN:
SF:exceptions/NonTestUserDuringTest.js
FN:5,(anonymous_0)
FNF:1
FNH:0
FNDA:0,(anonymous_0)
DA:4,0
DA:6,0
LF:2
LH:0
BRF:0
BRH:0
end_of_record
TN:
SF:exceptions/UnauthorizedError.js
FN:5,(anonymous_0)
FNF:1
FNH:0
FNDA:0,(anonymous_0)
DA:4,0
DA:6,0
LF:2
LH:0
BRF:0
BRH:0
end_of_record
TN:
SF:exceptions/UserAlreadyExistsError.js
FN:5,(anonymous_0)
FNF:1
FNH:0
FNDA:0,(anonymous_0)
DA:4,0
DA:6,0
LF:2
LH:0
BRF:0
BRH:0
end_of_record
TN:
SF:exceptions/ValidationError.js
FN:5,(anonymous_0)
FNF:1
FNH:1
FNDA:16,(anonymous_0)
DA:4,16
DA:6,16
LF:2
LH:2
BRF:0
BRH:0
end_of_record
TN:
SF:exceptions/WebsocketSubsystemError.js
FN:5,(anonymous_0)
FNF:1
FNH:0
FNDA:0,(anonymous_0)
DA:4,0
DA:6,0
LF:2
LH:0
BRF:0
BRH:0
end_of_record
TN:
SF:middleware/auth.js
FN:13,(anonymous_0)
FN:60,(anonymous_1)
FN:77,(anonymous_2)
FN:104,(anonymous_3)
FN:126,(anonymous_4)
FNF:5
FNH:2
FNDA:25,(anonymous_0)
FNDA:0,(anonymous_1)
FNDA:0,(anonymous_2)
FNDA:0,(anonymous_3)
FNDA:101,(anonymous_4)
DA:14,25
DA:16,25
DA:25,0
DA:29,25
DA:30,25
DA:33,25
DA:35,0
DA:41,25
DA:42,25
DA:44,25
DA:45,25
DA:48,25
DA:49,25
DA:50,25
DA:52,0
DA:53,0
DA:56,0
DA:61,0
DA:62,0
DA:64,0
DA:71,0
DA:73,0
DA:78,0
DA:79,0
DA:83,0
DA:89,0
DA:91,0
DA:93,0
DA:95,0
DA:97,0
DA:99,0
DA:105,0
DA:106,0
DA:107,0
DA:109,0
DA:110,0
DA:111,0
DA:119,0
DA:120,0
DA:121,0
DA:125,18
DA:127,101
DA:128,5
DA:129,5
DA:131,101
LF:45
LH:17
BRDA:16,0,0,0
BRDA:16,0,1,25
BRDA:17,1,0,25
BRDA:17,1,1,21
BRDA:17,1,2,21
BRDA:17,1,3,21
BRDA:17,1,4,21
BRDA:17,1,5,21
BRDA:33,2,0,0
BRDA:33,2,1,25
BRDA:33,3,0,25
BRDA:33,3,1,25
BRDA:83,4,0,0
BRDA:83,4,1,0
BRDA:84,5,0,0
BRDA:84,5,1,0
BRDA:84,5,2,0
BRDA:84,5,3,0
BRDA:93,6,0,0
BRDA:93,6,1,0
BRDA:93,6,2,0
BRDA:106,7,0,0
BRDA:106,7,1,0
BRDA:127,8,0,5
BRDA:127,8,1,96
BRDA:127,9,0,101
BRDA:127,9,1,96
BRF:27
BRH:14
end_of_record
TN:
SF:middleware/esntest.js
FN:6,(anonymous_0)
FN:22,(anonymous_1)
FNF:2
FNH:1
FNDA:0,(anonymous_0)
FNDA:29,(anonymous_1)
DA:7,0
DA:8,0
DA:10,0
DA:14,5
DA:21,5
DA:23,29
DA:24,5
DA:26,29
LF:8
LH:5
BRDA:7,0,0,0
BRDA:7,0,1,0
BRDA:23,1,0,5
BRDA:23,1,1,24
BRDA:23,2,0,29
BRDA:23,2,1,24
BRF:6
BRH:4
end_of_record
TN:
SF:models/Announcement.js
FN:6,(anonymous_0)
FN:15,(anonymous_1)
FN:36,(anonymous_2)
FNF:3
FNH:3
FNDA:6,(anonymous_0)
FNDA:6,(anonymous_1)
FNDA:4,(anonymous_2)
DA:5,6
DA:7,6
DA:8,6
DA:9,6
DA:10,6
DA:11,6
DA:12,6
DA:22,6
DA:23,6
DA:24,6
DA:31,1
DA:32,1
DA:37,4
DA:38,4
DA:40,1
LF:15
LH:15
BRDA:17,0,0,2
BRDA:18,1,0,2
BRDA:19,2,0,2
BRDA:20,3,0,3
BRDA:22,4,0,2
BRDA:22,4,1,4
BRF:6
BRH:6
end_of_record
TN:
SF:models/AuthenticatedUser.js
FN:11,(anonymous_0)
FN:27,(anonymous_1)
FN:61,(anonymous_2)
FN:65,(anonymous_3)
FN:73,(anonymous_4)
FNF:5
FNH:2
FNDA:7,(anonymous_0)
FNDA:0,(anonymous_1)
FNDA:0,(anonymous_2)
FNDA:2,(anonymous_3)
FNDA:0,(anonymous_4)
DA:9,7
DA:19,7
DA:20,7
DA:21,7
DA:22,7
DA:23,7
DA:24,7
DA:28,0
DA:29,0
DA:30,0
DA:33,0
DA:34,0
DA:35,0
DA:36,0
DA:37,0
DA:42,0
DA:48,0
DA:52,0
DA:54,0
DA:57,0
DA:62,0
DA:66,2
DA:67,2
DA:69,2
DA:74,0
LF:25
LH:10
BRDA:15,0,0,1
BRDA:16,1,0,1
BRDA:17,2,0,3
BRDA:29,3,0,0
BRDA:29,3,1,0
BRDA:48,4,0,0
BRDA:48,4,1,0
BRDA:49,5,0,0
BRDA:49,5,1,0
BRDA:75,6,0,0
BRDA:75,6,1,0
BRDA:75,6,2,0
BRDA:75,6,3,0
BRDA:75,6,4,0
BRDA:75,6,5,0
BRDA:75,6,6,0
BRF:16
BRH:3
end_of_record
TN:
SF:models/CurrentUserState.js
FN:15,(anonymous_0)
FN:32,(anonymous_1)
FN:47,(anonymous_2)
FN:58,(anonymous_3)
FN:74,(anonymous_4)
FN:96,(anonymous_5)
FN:104,(anonymous_6)
FNF:7
FNH:6
FNDA:0,(anonymous_0)
FNDA:4,(anonymous_1)
FNDA:3,(anonymous_2)
FNDA:3,(anonymous_3)
FNDA:3,(anonymous_4)
FNDA:5,(anonymous_5)
FNDA:5,(anonymous_6)
DA:12,0
DA:13,0
DA:25,0
DA:26,0
DA:27,0
DA:28,0
DA:29,0
DA:39,4
DA:40,4
DA:41,4
DA:47,4
DA:48,4
DA:53,4
DA:58,4
DA:59,3
DA:69,0
DA:70,0
DA:75,3
DA:77,3
DA:90,3
DA:95,3
DA:96,5
DA:98,3
DA:104,5
DA:110,3
DA:112,0
DA:113,0
LF:27
LH:16
BRDA:19,0,0,0
BRDA:20,1,0,0
BRDA:21,2,0,0
BRDA:22,3,0,0
BRDA:23,4,0,0
BRDA:34,5,0,1
BRDA:35,6,0,1
BRDA:36,7,0,1
BRDA:37,8,0,1
BRDA:39,9,0,4
BRDA:39,9,1,0
BRF:11
BRH:5
end_of_record
TN:
SF:models/ErrorResponse.js
FN:2,(anonymous_0)
FNF:1
FNH:1
FNDA:2,(anonymous_0)
DA:3,2
DA:4,2
LF:2
LH:2
BRF:0
BRH:0
end_of_record
TN:
SF:models/LoggedInUser.js
FN:4,(anonymous_0)
FN:9,(anonymous_1)
FNF:2
FNH:0
FNDA:0,(anonymous_0)
FNDA:0,(anonymous_1)
DA:5,0
DA:6,0
DA:10,0
LF:3
LH:0
BRDA:10,0,0,0
BRDA:10,0,1,0
BRDA:10,0,2,0
BRF:3
BRH:0
end_of_record
TN:
SF:models/OnlineStatus.js
FN:7,(anonymous_0)
FN:15,(anonymous_1)
FN:28,(anonymous_2)
FN:58,(anonymous_3)
FN:64,(anonymous_4)
FN:67,(anonymous_5)
FN:75,(anonymous_6)
FNF:7
FNH:6
FNDA:5,(anonymous_0)
FNDA:0,(anonymous_1)
FNDA:3,(anonymous_2)
FNDA:6,(anonymous_3)
FNDA:7,(anonymous_4)
FNDA:5,(anonymous_5)
FNDA:1,(anonymous_6)
DA:6,5
DA:8,5
DA:9,5
DA:10,5
DA:11,5
DA:12,5
DA:16,0
DA:29,3
DA:30,3
DA:31,3
DA:33,3
DA:34,3
DA:40,0
DA:45,3
DA:49,3
DA:50,3
DA:51,3
DA:53,0
DA:54,0
DA:59,6
DA:62,6
DA:63,6
DA:64,6
DA:65,7
DA:67,6
DA:68,5
DA:69,5
DA:72,6
DA:76,1
DA:77,1
DA:80,1
DA:82,0
DA:83,0
LF:33
LH:27
BRDA:17,0,0,0
BRDA:17,0,1,0
BRDA:17,0,2,0
BRDA:17,0,3,0
BRDA:17,0,4,0
BRDA:17,0,5,0
BRDA:17,0,6,0
BRDA:17,0,7,0
BRDA:33,1,0,3
BRDA:33,1,1,0
BRDA:68,2,0,5
BRDA:68,2,1,0
BRF:12
BRH:2
end_of_record
TN:
SF:models/OnlineStatusEnum.js
FNF:0
FNH:0
DA:1,21
LF:1
LH:1
BRF:0
BRH:0
end_of_record
TN:
SF:models/PrivateMessage.js
FN:7,(anonymous_0)
FN:27,(anonymous_1)
FN:35,(anonymous_2)
FN:54,(anonymous_3)
FN:77,(anonymous_4)
FNF:5
FNH:3
FNDA:6,(anonymous_0)
FNDA:4,(anonymous_1)
FNDA:0,(anonymous_2)
FNDA:5,(anonymous_3)
FNDA:0,(anonymous_4)
DA:6,6
DA:17,6
DA:18,6
DA:19,6
DA:20,6
DA:21,6
DA:22,6
DA:23,6
DA:24,6
DA:28,4
DA:29,4
DA:31,1
DA:36,0
DA:61,5
DA:62,5
DA:63,5
DA:64,5
DA:65,5
DA:72,1
DA:73,1
DA:78,0
DA:79,0
DA:80,0
DA:81,0
DA:84,0
DA:88,0
DA:93,0
DA:94,0
DA:96,0
DA:97,0
LF:30
LH:19
BRDA:37,0,0,0
BRDA:37,0,1,0
BRDA:37,0,2,0
BRDA:37,0,3,0
BRDA:37,0,4,0
BRDA:37,0,5,0
BRDA:37,0,6,0
BRDA:37,0,7,0
BRDA:37,0,8,0
BRDA:37,0,9,0
BRDA:37,0,10,0
BRDA:37,0,11,0
BRDA:37,0,12,0
BRDA:37,0,13,0
BRDA:56,1,0,0
BRDA:57,2,0,0
BRDA:58,3,0,0
BRDA:63,4,0,2
BRDA:63,4,1,3
BRF:19
BRH:2
end_of_record
TN:
SF:models/PrivateMessageReadStatusEnum.js
FNF:0
FNH:0
DA:1,6
LF:1
LH:1
BRF:0
BRH:0
end_of_record
TN:
SF:models/PublicMessage.js
FN:7,(anonymous_0)
FN:16,(anonymous_1)
FN:24,(anonymous_2)
FN:41,(anonymous_3)
FNF:4
FNH:3
FNDA:4,(anonymous_0)
FNDA:3,(anonymous_1)
FNDA:0,(anonymous_2)
FNDA:4,(anonymous_3)
DA:6,4
DA:8,4
DA:9,4
DA:10,4
DA:11,4
DA:12,4
DA:13,4
DA:17,3
DA:18,3
DA:20,1
DA:25,0
DA:48,4
DA:49,4
DA:50,4
DA:57,1
DA:58,1
LF:16
LH:15
BRDA:26,0,0,0
BRDA:26,0,1,0
BRDA:26,0,2,0
BRDA:26,0,3,0
BRDA:26,0,4,0
BRDA:26,0,5,0
BRDA:26,0,6,0
BRDA:26,0,7,0
BRDA:26,0,8,0
BRDA:26,0,9,0
BRDA:26,0,10,0
BRDA:26,0,11,0
BRDA:43,1,0,2
BRDA:44,2,0,2
BRDA:45,3,0,2
BRDA:46,4,0,2
BRDA:48,5,0,2
BRDA:48,5,1,2
BRF:18
BRH:6
end_of_record
TN:
SF:models/RegisterResponse.js
FN:2,(anonymous_0)
FN:6,(anonymous_1)
FNF:2
FNH:0
FNDA:0,(anonymous_0)
FNDA:0,(anonymous_1)
DA:3,0
DA:7,0
LF:2
LH:0
BRF:0
BRH:0
end_of_record
TN:
SF:models/SafetyStatus.js
FN:8,(anonymous_0)
FN:15,(anonymous_1)
FN:26,(anonymous_2)
FN:53,(anonymous_3)
FN:76,(anonymous_4)
FN:97,(anonymous_5)
FN:103,(anonymous_6)
FN:106,(anonymous_7)
FNF:8
FNH:7
FNDA:8,(anonymous_0)
FNDA:0,(anonymous_1)
FNDA:4,(anonymous_2)
FNDA:2,(anonymous_3)
FNDA:3,(anonymous_4)
FNDA:4,(anonymous_5)
FNDA:3,(anonymous_6)
FNDA:1,(anonymous_7)
DA:6,8
DA:9,8
DA:10,8
DA:11,8
DA:12,8
DA:16,0
DA:27,4
DA:28,4
DA:38,4
DA:43,4
DA:44,4
DA:45,4
DA:46,4
DA:48,0
DA:49,0
DA:54,2
DA:55,2
DA:56,2
DA:57,2
DA:58,2
DA:59,2
DA:60,0
DA:66,0
DA:67,0
DA:69,2
DA:71,0
DA:72,0
DA:83,3
DA:84,3
DA:85,3
DA:92,0
DA:93,0
DA:98,4
DA:101,4
DA:102,4
DA:103,4
DA:104,3
DA:106,4
DA:107,1
DA:108,1
DA:111,4
LF:41
LH:31
BRDA:17,0,0,0
BRDA:17,0,1,0
BRDA:17,0,2,0
BRDA:17,0,3,0
BRDA:17,0,4,0
BRDA:17,0,5,0
BRDA:59,1,0,0
BRDA:59,1,1,2
BRDA:78,2,0,1
BRDA:79,3,0,1
BRDA:80,4,0,1
BRDA:84,5,0,1
BRDA:84,5,1,2
BRDA:107,6,0,1
BRDA:107,6,1,0
BRF:15
BRH:7
end_of_record
TN:
SF:models/SafetyStatusEnum.js
FNF:0
FNH:0
DA:1,21
LF:1
LH:1
BRF:0
BRH:0
end_of_record
TN:
SF:models/Shelter.js
FN:6,(anonymous_0)
FN:25,(anonymous_1)
FN:46,(anonymous_2)
FN:55,(anonymous_3)
FN:63,(anonymous_4)
FNF:5
FNH:5
FNDA:12,(anonymous_0)
FNDA:7,(anonymous_1)
FNDA:4,(anonymous_2)
FNDA:3,(anonymous_3)
FNDA:2,(anonymous_4)
DA:5,12
DA:15,12
DA:16,12
DA:17,12
DA:18,12
DA:19,12
DA:20,12
DA:21,12
DA:22,12
DA:32,7
DA:33,7
DA:34,7
DA:41,0
DA:42,0
DA:47,4
DA:48,4
DA:49,4
DA:51,1
DA:56,3
DA:57,3
DA:59,1
DA:64,2
DA:65,2
DA:67,0
LF:24
LH:21
BRDA:27,0,0,0
BRDA:28,1,0,0
BRDA:29,2,0,0
BRDA:30,3,0,0
BRDA:32,4,0,4
BRDA:32,4,1,3
BRF:6
BRH:2
end_of_record
TN:
SF:models/UnauthenticatedUser.js
FN:8,(anonymous_0)
FN:14,(anonymous_1)
FN:20,(anonymous_2)
FNF:3
FNH:2
FNDA:4,(anonymous_0)
FNDA:2,(anonymous_1)
FNDA:0,(anonymous_2)
DA:6,4
DA:9,4
DA:10,4
DA:11,4
DA:15,2
DA:21,0
DA:22,0
DA:24,0
LF:8
LH:5
BRDA:16,0,0,2
BRDA:16,0,1,2
BRDA:16,0,2,2
BRDA:21,1,0,0
BRDA:21,1,1,0
BRF:5
BRH:3
end_of_record
TN:
SF:models/User.js
FN:2,(anonymous_0)
FN:6,(anonymous_1)
FNF:2
FNH:2
FNDA:11,(anonymous_0)
FNDA:2,(anonymous_1)
DA:3,11
DA:7,2
LF:2
LH:2
BRDA:7,0,0,2
BRDA:7,0,1,2
BRF:2
BRH:2
end_of_record
TN:
SF:models/UserSocket.js
FN:6,(anonymous_0)
FN:12,(anonymous_1)
FN:21,(anonymous_2)
FN:29,(anonymous_3)
FN:37,(anonymous_4)
FNF:5
FNH:3
FNDA:1,(anonymous_0)
FNDA:0,(anonymous_1)
FNDA:0,(anonymous_2)
FNDA:1,(anonymous_3)
FNDA:1,(anonymous_4)
DA:5,1
DA:7,1
DA:8,1
DA:9,1
DA:13,0
DA:14,0
DA:15,0
DA:17,0
DA:22,0
DA:23,0
DA:25,0
DA:30,1
DA:31,1
DA:32,1
DA:34,0
DA:38,1
DA:39,1
DA:40,1
DA:41,1
DA:45,1
DA:49,1
DA:50,1
DA:51,1
DA:53,0
DA:54,0
LF:25
LH:15
BRF:0
BRH:0
end_of_record
TN:
SF:models/UserType.js
FNF:0
FNH:0
DA:1,21
LF:1
LH:1
BRF:0
BRH:0
end_of_record
TN:
SF:routes/announcement.js
FN:11,(anonymous_0)
FN:29,(anonymous_1)
FNF:2
FNH:2
FNDA:1,(anonymous_0)
FNDA:1,(anonymous_1)
DA:8,4
DA:9,4
DA:11,4
DA:12,1
DA:13,1
DA:14,1
DA:18,1
DA:23,1
DA:25,0
DA:29,4
DA:30,1
DA:31,1
DA:32,1
DA:33,1
DA:36,1
DA:40,1
DA:42,0
LF:17
LH:15
BRF:0
BRH:0
end_of_record
TN:
SF:routes/auth.js
FN:15,(anonymous_0)
FN:39,(anonymous_1)
FN:70,(anonymous_2)
FN:95,(anonymous_3)
FN:120,(anonymous_4)
FN:134,(anonymous_5)
FNF:6
FNH:0
FNDA:0,(anonymous_0)
FNDA:0,(anonymous_1)
FNDA:0,(anonymous_2)
FNDA:0,(anonymous_3)
FNDA:0,(anonymous_4)
FNDA:0,(anonymous_5)
DA:12,4
DA:15,4
DA:16,0
DA:17,0
DA:18,0
DA:21,0
DA:23,0
DA:28,0
DA:29,0
DA:30,0
DA:33,0
DA:35,0
DA:39,4
DA:40,0
DA:41,0
DA:42,0
DA:44,0
DA:47,0
DA:52,0
DA:53,0
DA:54,0
DA:55,0
DA:59,0
DA:60,0
DA:61,0
DA:64,0
DA:66,0
DA:70,4
DA:71,0
DA:72,0
DA:73,0
DA:74,0
DA:79,0
DA:81,0
DA:82,0
DA:85,0
DA:87,0
DA:92,4
DA:96,0
DA:97,0
DA:98,0
DA:99,0
DA:101,0
DA:105,0
DA:106,0
DA:108,0
DA:111,0
DA:117,4
DA:121,0
DA:122,0
DA:123,0
DA:125,0
DA:126,0
DA:128,0
DA:134,4
DA:135,0
LF:56
LH:7
BRDA:60,0,0,0
BRDA:60,0,1,0
BRDA:105,1,0,0
BRDA:105,1,1,0
BRF:4
BRH:0
end_of_record
TN:
SF:routes/chatRooms.js
FN:14,(anonymous_0)
FN:32,(anonymous_1)
FN:49,(anonymous_2)
FN:64,(anonymous_3)
FN:85,(anonymous_4)
FN:107,(anonymous_5)
FN:129,(anonymous_6)
FNF:7
FNH:0
FNDA:0,(anonymous_0)
FNDA:0,(anonymous_1)
FNDA:0,(anonymous_2)
FNDA:0,(anonymous_3)
FNDA:0,(anonymous_4)
FNDA:0,(anonymous_5)
FNDA:0,(anonymous_6)
DA:9,4
DA:10,4
DA:13,4
DA:14,4
DA:15,0
DA:16,0
DA:17,0
DA:21,0
DA:26,0
DA:28,0
DA:32,4
DA:33,0
DA:34,0
DA:35,0
DA:36,0
DA:39,0
DA:43,0
DA:45,0
DA:49,4
DA:50,0
DA:51,0
DA:52,0
DA:53,0
DA:58,0
DA:60,0
DA:64,4
DA:65,0
DA:66,0
DA:67,0
DA:69,0
DA:76,0
DA:78,0
DA:82,4
DA:86,0
DA:88,0
DA:90,0
DA:97,0
DA:99,0
DA:104,4
DA:108,0
DA:110,0
DA:112,0
DA:119,0
DA:121,0
DA:126,4
DA:130,0
DA:131,0
DA:132,0
DA:133,0
DA:137,0
DA:138,0
DA:140,0
DA:143,0
LF:53
LH:10
BRDA:137,0,0,0
BRDA:137,0,1,0
BRF:2
BRH:0
end_of_record
TN:
SF:routes/esntest.js
FN:19,(anonymous_0)
FNF:1
FNH:1
FNDA:8,(anonymous_0)
DA:15,5
DA:16,5
DA:17,5
DA:19,5
DA:20,8
DA:21,8
DA:22,4
DA:24,4
DA:25,4
DA:26,4
DA:27,4
DA:28,4
DA:31,4
DA:32,4
DA:34,0
DA:37,0
DA:38,0
DA:40,0
DA:41,0
LF:19
LH:14
BRDA:21,0,0,4
BRDA:21,0,1,4
BRDA:27,1,0,4
BRDA:27,1,1,0
BRDA:37,2,0,0
BRDA:37,2,1,0
BRF:6
BRH:3
end_of_record
TN:
SF:routes/index.js
FN:4,(anonymous_0)
FNF:1
FNH:0
FNDA:0,(anonymous_0)
DA:2,4
DA:4,4
DA:5,0
LF:3
LH:2
BRF:0
BRH:0
end_of_record
TN:
SF:routes/search.js
FN:15,(anonymous_0)
FN:31,(anonymous_1)
FN:50,(anonymous_2)
FN:66,(anonymous_3)
FN:99,(anonymous_4)
FNF:5
FNH:5
FNDA:1,(anonymous_0)
FNDA:1,(anonymous_1)
FNDA:1,(anonymous_2)
FNDA:1,(anonymous_3)
FNDA:1,(anonymous_4)
DA:12,4
DA:13,4
DA:15,4
DA:16,1
DA:17,1
DA:18,1
DA:19,1
DA:20,1
DA:22,0
DA:23,0
DA:25,0
DA:26,0
DA:31,4
DA:32,1
DA:33,1
DA:34,1
DA:35,0
DA:37,1
DA:38,1
DA:39,1
DA:41,0
DA:42,0
DA:44,0
DA:45,0
DA:50,4
DA:51,1
DA:52,1
DA:53,1
DA:54,1
DA:55,1
DA:57,0
DA:58,0
DA:60,0
DA:61,0
DA:66,4
DA:67,1
DA:68,1
DA:69,1
DA:70,1
DA:71,1
DA:72,0
DA:76,0
DA:78,1
DA:84,1
DA:87,0
DA:88,0
DA:90,0
DA:91,0
DA:96,4
DA:100,1
DA:101,1
DA:102,1
DA:103,1
DA:107,1
DA:109,0
DA:110,0
DA:112,0
DA:113,0
LF:58
LH:35
BRDA:22,0,0,0
BRDA:22,0,1,0
BRDA:34,1,0,0
BRDA:34,1,1,1
BRDA:41,2,0,0
BRDA:41,2,1,0
BRDA:57,3,0,0
BRDA:57,3,1,0
BRDA:71,4,0,0
BRDA:71,4,1,1
BRDA:87,5,0,0
BRDA:87,5,1,0
BRDA:109,6,0,0
BRDA:109,6,1,0
BRF:14
BRH:2
end_of_record
TN:
SF:routes/shelter.js
FN:11,(anonymous_0)
FN:30,(anonymous_1)
FN:47,(anonymous_2)
FN:58,(anonymous_3)
FNF:4
FNH:4
FNDA:3,(anonymous_0)
FNDA:2,(anonymous_1)
FNDA:1,(anonymous_2)
FNDA:2,(anonymous_3)
DA:8,4
DA:9,4
DA:11,4
DA:12,3
DA:13,3
DA:14,3
DA:15,3
DA:16,3
DA:17,3
DA:18,3
DA:24,3
DA:26,0
DA:30,4
DA:31,2
DA:32,2
DA:33,2
DA:34,2
DA:41,1
DA:43,1
DA:47,4
DA:48,1
DA:49,1
DA:50,1
DA:51,1
DA:52,0
DA:54,1
DA:58,4
DA:59,2
DA:60,2
DA:61,2
DA:62,2
DA:69,2
DA:71,0
LF:33
LH:30
BRF:0
BRH:0
end_of_record
TN:
SF:routes/users.js
FN:11,(anonymous_0)
FN:26,(anonymous_1)
FN:37,(anonymous_2)
FNF:3
FNH:2
FNDA:0,(anonymous_0)
FNDA:1,(anonymous_1)
FNDA:1,(anonymous_2)
DA:8,4
DA:9,4
DA:11,4
DA:12,0
DA:13,0
DA:14,0
DA:15,0
DA:20,0
DA:22,0
DA:26,4
DA:27,1
DA:28,1
DA:29,1
DA:30,1
DA:31,1
DA:33,0
DA:37,4
DA:38,1
DA:39,1
DA:40,1
DA:41,1
DA:42,1
DA:46,1
DA:48,0
LF:24
LH:16
BRF:0
BRH:0
end_of_record
TN:
SF:schemas/AnnouncementSchema.js
FNF:0
FNH:0
DA:3,21
LF:1
LH:1
BRF:0
BRH:0
end_of_record
TN:
SF:schemas/OnlineStatusSchema.js
FNF:0
FNH:0
DA:4,21
LF:1
LH:1
BRF:0
BRH:0
end_of_record
TN:
SF:schemas/PrivateMessageSchema.js
FNF:0
FNH:0
DA:4,21
LF:1
LH:1
BRF:0
BRH:0
end_of_record
TN:
SF:schemas/PublicMessageSchema.js
FNF:0
FNH:0
DA:4,21
LF:1
LH:1
BRF:0
BRH:0
end_of_record
TN:
SF:schemas/SafetyStatusSchema.js
FNF:0
FNH:0
DA:4,21
LF:1
LH:1
BRF:0
BRH:0
end_of_record
TN:
SF:schemas/ShelterSchema.js
FNF:0
FNH:0
DA:3,21
LF:1
LH:1
BRF:0
BRH:0
end_of_record
TN:
SF:schemas/UserSchema.js
FNF:0
FNH:0
DA:4,21
LF:1
LH:1
BRF:0
BRH:0
end_of_record
TN:
SF:schemas/UserSocketSchema.js
FNF:0
FNH:0
DA:3,21
LF:1
LH:1
BRF:0
BRH:0
end_of_record
TN:
SF:subsystems/WebsocketSubsystem.js
FN:17,(anonymous_0)
FN:21,(anonymous_1)
FN:27,(anonymous_2)
FN:39,(anonymous_3)
FN:43,(anonymous_4)
FN:62,(anonymous_5)
FN:83,(anonymous_6)
FN:95,(anonymous_7)
FN:105,(anonymous_8)
FN:113,(anonymous_9)
FN:127,(anonymous_10)
FN:138,(anonymous_11)
FN:146,(anonymous_12)
FN:154,(anonymous_13)
FN:166,(anonymous_14)
FN:180,(anonymous_15)
FNF:16
FNH:8
FNDA:1,(anonymous_0)
FNDA:0,(anonymous_1)
FNDA:0,(anonymous_2)
FNDA:0,(anonymous_3)
FNDA:0,(anonymous_4)
FNDA:0,(anonymous_5)
FNDA:1,(anonymous_6)
FNDA:4,(anonymous_7)
FNDA:0,(anonymous_8)
FNDA:0,(anonymous_9)
FNDA:0,(anonymous_10)
FNDA:4,(anonymous_11)
FNDA:4,(anonymous_12)
FNDA:1,(anonymous_13)
FNDA:5,(anonymous_14)
FNDA:10,(anonymous_15)
DA:14,10
DA:15,10
DA:18,1
DA:22,0
DA:23,0
DA:29,0
DA:30,0
DA:33,0
DA:35,0
DA:37,0
DA:39,0
DA:44,0
DA:45,0
DA:52,0
DA:57,0
DA:58,0
DA:59,0
DA:63,0
DA:64,0
DA:65,0
DA:66,0
DA:73,0
DA:78,0
DA:79,0
DA:80,0
DA:84,1
DA:90,1
DA:91,0
DA:96,4
DA:97,4
DA:100,4
DA:103,4
DA:105,0
DA:108,0
DA:109,0
DA:114,0
DA:115,0
DA:116,0
DA:117,0
DA:122,0
DA:128,0
DA:129,0
DA:130,0
DA:131,0
DA:133,0
DA:139,4
DA:140,4
DA:142,0
DA:147,4
DA:148,4
DA:150,0
DA:155,1
DA:156,1
DA:162,0
DA:167,5
DA:168,5
DA:176,0
DA:181,10
DA:182,10
LF:59
LH:19
BRDA:22,0,0,0
BRDA:22,0,1,0
BRDA:90,1,0,0
BRDA:90,1,1,1
BRDA:114,2,0,0
BRDA:114,2,1,0
BRDA:128,3,0,0
BRDA:128,3,1,0
BRF:8
BRH:1
end_of_record
TN:
SF:utils/Utils.js
FN:14,(anonymous_0)
FN:23,(anonymous_1)
FN:25,(anonymous_2)
FN:37,(anonymous_3)
FN:38,(anonymous_4)
FN:44,(anonymous_5)
FN:70,(anonymous_6)
FN:79,(anonymous_7)
FN:95,(anonymous_8)
FN:99,(anonymous_9)
FNF:10
FNH:10
FNDA:12,(anonymous_0)
FNDA:384,(anonymous_1)
FNDA:2004,(anonymous_2)
FNDA:5,(anonymous_3)
FNDA:1553,(anonymous_4)
FNDA:11,(anonymous_5)
FNDA:2,(anonymous_6)
FNDA:1,(anonymous_7)
FNDA:10,(anonymous_8)
FNDA:14,(anonymous_9)
DA:11,6
DA:15,12
DA:19,12
DA:20,12
DA:21,12
DA:23,12
DA:24,384
DA:25,384
DA:26,2004
DA:27,2004
DA:31,12
DA:34,6
DA:35,6
DA:38,5
DA:39,1553
DA:40,1551
DA:48,11
DA:49,2
DA:53,9
DA:54,1
DA:57,8
DA:58,1
DA:62,7
DA:63,2
DA:65,5
DA:66,2
DA:71,2
DA:72,0
DA:74,2
DA:75,2
DA:80,1
DA:81,1
DA:82,1
DA:83,1
DA:84,1
DA:85,1
DA:86,1
DA:87,1
DA:89,0
DA:92,1
DA:96,10
DA:97,10
DA:99,14
DA:101,10
LF:44
LH:42
BRDA:26,0,0,2004
BRDA:26,0,1,0
BRDA:39,1,0,2
BRDA:39,1,1,1551
BRDA:39,2,0,1553
BRDA:39,2,1,107
BRDA:48,3,0,2
BRDA:48,3,1,9
BRDA:48,4,0,11
BRDA:48,4,1,10
BRDA:53,5,0,1
BRDA:53,5,1,8
BRDA:57,6,0,1
BRDA:57,6,1,7
BRDA:62,7,0,2
BRDA:62,7,1,5
BRDA:62,8,0,7
BRDA:62,8,1,6
BRDA:65,9,0,2
BRDA:65,9,1,3
BRDA:71,10,0,0
BRDA:71,10,1,2
BRDA:85,11,0,1
BRDA:85,11,1,1
BRDA:86,12,0,1
BRDA:86,12,1,1
BRF:26
BRH:24
end_of_record
